2023-11-11 11:34:08,067 INFO Initializes the Raft protocol, raft-config info : {}

2023-11-11 11:34:08,341 INFO ========= The raft protocol is starting... =========

2023-11-11 11:34:08,379 INFO ========= The raft protocol start finished... =========

2023-11-11 11:34:08,416 INFO create raft group : naming_persistent_service_v2

2023-11-11 11:34:09,154 INFO This Raft event changes : RaftEvent{groupId='naming_persistent_service_v2', leader='5f66e4c26ce2:7848', term=1, raftClusterInfo=[5f66e4c26ce2:7848]}

2023-11-11 11:34:09,166 INFO create raft group : naming_instance_metadata

2023-11-11 11:34:09,247 INFO This Raft event changes : RaftEvent{groupId='naming_instance_metadata', leader='5f66e4c26ce2:7848', term=1, raftClusterInfo=[5f66e4c26ce2:7848]}

2023-11-11 11:34:09,287 INFO create raft group : naming_service_metadata

2023-11-11 11:34:09,356 INFO This Raft event changes : RaftEvent{groupId='naming_service_metadata', leader='5f66e4c26ce2:7848', term=1, raftClusterInfo=[5f66e4c26ce2:7848]}

2023-11-11 11:34:10,440 ERROR Failed to join the cluster, retry...

java.lang.IllegalStateException: Fail to get leader of group naming_instance_metadata
	at com.alipay.sofa.jraft.core.CliServiceImpl.getPeers(CliServiceImpl.java:605)
	at com.alipay.sofa.jraft.core.CliServiceImpl.getPeers(CliServiceImpl.java:498)
	at com.alibaba.nacos.core.distributed.raft.JRaftServer.registerSelfToCluster(JRaftServer.java:353)
	at com.alibaba.nacos.core.distributed.raft.JRaftServer.lambda$createMultiRaftGroup$0(JRaftServer.java:264)
	at java.util.concurrent.Executors$RunnableAdapter.call(Executors.java:511)
	at java.util.concurrent.FutureTask.run(FutureTask.java:266)
	at java.util.concurrent.ScheduledThreadPoolExecutor$ScheduledFutureTask.access$201(ScheduledThreadPoolExecutor.java:180)
	at java.util.concurrent.ScheduledThreadPoolExecutor$ScheduledFutureTask.run(ScheduledThreadPoolExecutor.java:293)
	at java.util.concurrent.ThreadPoolExecutor.runWorker(ThreadPoolExecutor.java:1149)
	at java.util.concurrent.ThreadPoolExecutor$Worker.run(ThreadPoolExecutor.java:624)
	at java.lang.Thread.run(Thread.java:750)
2023-11-11 11:34:10,440 ERROR Failed to join the cluster, retry...

java.lang.IllegalStateException: Fail to get leader of group naming_persistent_service_v2
	at com.alipay.sofa.jraft.core.CliServiceImpl.getPeers(CliServiceImpl.java:605)
	at com.alipay.sofa.jraft.core.CliServiceImpl.getPeers(CliServiceImpl.java:498)
	at com.alibaba.nacos.core.distributed.raft.JRaftServer.registerSelfToCluster(JRaftServer.java:353)
	at com.alibaba.nacos.core.distributed.raft.JRaftServer.lambda$createMultiRaftGroup$0(JRaftServer.java:264)
	at java.util.concurrent.Executors$RunnableAdapter.call(Executors.java:511)
	at java.util.concurrent.FutureTask.run(FutureTask.java:266)
	at java.util.concurrent.ScheduledThreadPoolExecutor$ScheduledFutureTask.access$201(ScheduledThreadPoolExecutor.java:180)
	at java.util.concurrent.ScheduledThreadPoolExecutor$ScheduledFutureTask.run(ScheduledThreadPoolExecutor.java:293)
	at java.util.concurrent.ThreadPoolExecutor.runWorker(ThreadPoolExecutor.java:1149)
	at java.util.concurrent.ThreadPoolExecutor$Worker.run(ThreadPoolExecutor.java:624)
	at java.lang.Thread.run(Thread.java:750)
2023-11-11 11:34:10,440 ERROR Failed to join the cluster, retry...

java.lang.IllegalStateException: Fail to get leader of group naming_service_metadata
	at com.alipay.sofa.jraft.core.CliServiceImpl.getPeers(CliServiceImpl.java:605)
	at com.alipay.sofa.jraft.core.CliServiceImpl.getPeers(CliServiceImpl.java:498)
	at com.alibaba.nacos.core.distributed.raft.JRaftServer.registerSelfToCluster(JRaftServer.java:353)
	at com.alibaba.nacos.core.distributed.raft.JRaftServer.lambda$createMultiRaftGroup$0(JRaftServer.java:264)
	at java.util.concurrent.Executors$RunnableAdapter.call(Executors.java:511)
	at java.util.concurrent.FutureTask.run(FutureTask.java:266)
	at java.util.concurrent.ScheduledThreadPoolExecutor$ScheduledFutureTask.access$201(ScheduledThreadPoolExecutor.java:180)
	at java.util.concurrent.ScheduledThreadPoolExecutor$ScheduledFutureTask.run(ScheduledThreadPoolExecutor.java:293)
	at java.util.concurrent.ThreadPoolExecutor.runWorker(ThreadPoolExecutor.java:1149)
	at java.util.concurrent.ThreadPoolExecutor$Worker.run(ThreadPoolExecutor.java:624)
	at java.lang.Thread.run(Thread.java:750)
