2023-11-11 11:34:05,214 INFO [long-pulling] client count 0

2023-11-11 11:34:15,234 INFO [long-pulling] client count 0

2023-11-11 11:34:15,902 INFO groupCount = 0, subscriberClientCount = 0, subscriberCount = 0

2023-11-11 11:34:15,902 INFO toNotifyTaskSize = 0

2023-11-11 11:34:15,908 INFO toClientNotifyTaskSize = 0

2023-11-11 11:34:25,245 INFO [long-pulling] client count 0

2023-11-11 11:34:25,909 INFO groupCount = 0, subscriberClientCount = 0, subscriberCount = 0

2023-11-11 11:34:25,909 INFO toNotifyTaskSize = 0

2023-11-11 11:34:25,910 INFO toClientNotifyTaskSize = 0

2023-11-11 11:34:35,249 INFO [long-pulling] client count 0

2023-11-11 11:34:35,916 INFO groupCount = 0, subscriberClientCount = 0, subscriberCount = 0

2023-11-11 11:34:35,916 INFO toNotifyTaskSize = 0

2023-11-11 11:34:35,923 INFO toClientNotifyTaskSize = 0

2023-11-11 11:34:45,252 INFO [long-pulling] client count 0

2023-11-11 11:34:45,919 INFO groupCount = 0, subscriberClientCount = 0, subscriberCount = 0

2023-11-11 11:34:45,928 INFO toNotifyTaskSize = 0

2023-11-11 11:34:45,929 INFO toClientNotifyTaskSize = 0

2023-11-11 11:34:55,255 INFO [long-pulling] client count 0

2023-11-11 11:34:55,926 INFO groupCount = 0, subscriberClientCount = 0, subscriberCount = 0

2023-11-11 11:34:55,932 INFO toNotifyTaskSize = 0

2023-11-11 11:34:55,932 INFO toClientNotifyTaskSize = 0

2023-11-11 11:35:05,258 INFO [long-pulling] client count 0

2023-11-11 11:35:05,930 INFO groupCount = 0, subscriberClientCount = 0, subscriberCount = 0

2023-11-11 11:35:05,934 INFO toNotifyTaskSize = 0

2023-11-11 11:35:05,936 INFO toClientNotifyTaskSize = 0

2023-11-11 11:35:15,262 INFO [long-pulling] client count 0

2023-11-11 11:35:15,935 INFO groupCount = 0, subscriberClientCount = 0, subscriberCount = 0

2023-11-11 11:35:15,940 INFO toNotifyTaskSize = 0

2023-11-11 11:35:15,941 INFO toClientNotifyTaskSize = 0

2023-11-11 11:35:25,270 INFO [long-pulling] client count 0

2023-11-11 11:35:25,939 INFO groupCount = 0, subscriberClientCount = 0, subscriberCount = 0

2023-11-11 11:35:25,945 INFO toNotifyTaskSize = 0

2023-11-11 11:35:25,946 INFO toClientNotifyTaskSize = 0

2023-11-11 11:35:35,275 INFO [long-pulling] client count 0

2023-11-11 11:35:35,960 INFO groupCount = 0, subscriberClientCount = 0, subscriberCount = 0

2023-11-11 11:35:35,960 INFO toNotifyTaskSize = 0

2023-11-11 11:35:35,962 INFO toClientNotifyTaskSize = 0

2023-11-11 11:35:45,278 INFO [long-pulling] client count 0

2023-11-11 11:35:45,963 INFO groupCount = 0, subscriberClientCount = 0, subscriberCount = 0

2023-11-11 11:35:45,966 INFO toNotifyTaskSize = 0

2023-11-11 11:35:45,967 INFO toClientNotifyTaskSize = 0

2023-11-11 11:35:55,282 INFO [long-pulling] client count 0

2023-11-11 11:35:55,971 INFO groupCount = 0, subscriberClientCount = 0, subscriberCount = 0

2023-11-11 11:35:55,976 INFO toNotifyTaskSize = 0

2023-11-11 11:35:55,979 INFO toClientNotifyTaskSize = 0

2023-11-11 11:36:05,283 INFO [long-pulling] client count 0

2023-11-11 11:36:05,977 INFO groupCount = 0, subscriberClientCount = 0, subscriberCount = 0

2023-11-11 11:36:05,997 INFO toNotifyTaskSize = 0

2023-11-11 11:36:05,998 INFO toClientNotifyTaskSize = 0

2023-11-11 11:36:15,287 INFO [long-pulling] client count 0

2023-11-11 11:36:15,983 INFO groupCount = 0, subscriberClientCount = 0, subscriberCount = 0

2023-11-11 11:36:16,000 INFO toNotifyTaskSize = 0

2023-11-11 11:36:16,007 INFO toClientNotifyTaskSize = 0

2023-11-11 11:36:25,290 INFO [long-pulling] client count 0

2023-11-11 11:36:25,986 INFO groupCount = 0, subscriberClientCount = 0, subscriberCount = 0

2023-11-11 11:36:26,009 INFO toNotifyTaskSize = 0

2023-11-11 11:36:26,010 INFO toClientNotifyTaskSize = 0

2023-11-11 11:36:35,297 INFO [long-pulling] client count 0

2023-11-11 11:36:35,992 INFO groupCount = 0, subscriberClientCount = 0, subscriberCount = 0

2023-11-11 11:36:36,015 INFO toNotifyTaskSize = 0

2023-11-11 11:36:36,018 INFO toClientNotifyTaskSize = 0

2023-11-11 11:36:45,302 INFO [long-pulling] client count 0

2023-11-11 11:36:45,996 INFO groupCount = 0, subscriberClientCount = 0, subscriberCount = 0

2023-11-11 11:36:46,024 INFO toNotifyTaskSize = 0

2023-11-11 11:36:46,025 INFO toClientNotifyTaskSize = 0

2023-11-11 11:36:55,310 INFO [long-pulling] client count 0

2023-11-11 11:36:56,001 INFO groupCount = 0, subscriberClientCount = 0, subscriberCount = 0

2023-11-11 11:36:56,028 INFO toNotifyTaskSize = 0

2023-11-11 11:36:56,029 INFO toClientNotifyTaskSize = 0

2023-11-11 11:37:05,315 INFO [long-pulling] client count 0

2023-11-11 11:37:06,002 INFO groupCount = 0, subscriberClientCount = 0, subscriberCount = 0

2023-11-11 11:37:06,031 INFO toNotifyTaskSize = 0

2023-11-11 11:37:06,032 INFO toClientNotifyTaskSize = 0

2023-11-11 11:37:15,319 INFO [long-pulling] client count 0

2023-11-11 11:37:16,014 INFO groupCount = 0, subscriberClientCount = 0, subscriberCount = 0

2023-11-11 11:37:16,038 INFO toNotifyTaskSize = 0

2023-11-11 11:37:16,042 INFO toClientNotifyTaskSize = 0

2023-11-11 11:37:25,321 INFO [long-pulling] client count 0

2023-11-11 11:37:26,023 INFO groupCount = 0, subscriberClientCount = 0, subscriberCount = 0

2023-11-11 11:37:26,045 INFO toNotifyTaskSize = 0

2023-11-11 11:37:26,045 INFO toClientNotifyTaskSize = 0

2023-11-11 11:37:35,331 INFO [long-pulling] client count 0

2023-11-11 11:37:36,026 INFO groupCount = 0, subscriberClientCount = 0, subscriberCount = 0

2023-11-11 11:37:36,049 INFO toNotifyTaskSize = 0

2023-11-11 11:37:36,053 INFO toClientNotifyTaskSize = 0

2023-11-11 11:37:45,333 INFO [long-pulling] client count 0

2023-11-11 11:37:46,031 INFO groupCount = 0, subscriberClientCount = 0, subscriberCount = 0

2023-11-11 11:37:46,056 INFO toNotifyTaskSize = 0

2023-11-11 11:37:46,057 INFO toClientNotifyTaskSize = 0

2023-11-11 11:37:55,337 INFO [long-pulling] client count 0

2023-11-11 11:37:56,034 INFO groupCount = 0, subscriberClientCount = 0, subscriberCount = 0

2023-11-11 11:37:56,058 INFO toNotifyTaskSize = 0

2023-11-11 11:37:56,075 INFO toClientNotifyTaskSize = 0

2023-11-11 11:38:05,341 INFO [long-pulling] client count 0

2023-11-11 11:38:06,037 INFO groupCount = 0, subscriberClientCount = 0, subscriberCount = 0

2023-11-11 11:38:06,081 INFO toNotifyTaskSize = 0

2023-11-11 11:38:06,081 INFO toClientNotifyTaskSize = 0

2023-11-11 11:38:15,348 INFO [long-pulling] client count 0

2023-11-11 11:38:16,051 INFO groupCount = 0, subscriberClientCount = 0, subscriberCount = 0

2023-11-11 11:38:16,087 INFO toNotifyTaskSize = 0

2023-11-11 11:38:16,088 INFO toClientNotifyTaskSize = 0

2023-11-11 11:38:25,350 INFO [long-pulling] client count 0

2023-11-11 11:38:26,058 INFO groupCount = 0, subscriberClientCount = 0, subscriberCount = 0

2023-11-11 11:38:26,092 INFO toNotifyTaskSize = 0

2023-11-11 11:38:26,094 INFO toClientNotifyTaskSize = 0

2023-11-11 11:38:35,351 INFO [long-pulling] client count 0

2023-11-11 11:38:36,066 INFO groupCount = 0, subscriberClientCount = 0, subscriberCount = 0

2023-11-11 11:38:36,098 INFO toNotifyTaskSize = 0

2023-11-11 11:38:36,104 INFO toClientNotifyTaskSize = 0

2023-11-11 11:38:45,355 INFO [long-pulling] client count 0

2023-11-11 11:38:46,068 INFO groupCount = 0, subscriberClientCount = 0, subscriberCount = 0

2023-11-11 11:38:46,109 INFO toNotifyTaskSize = 0

2023-11-11 11:38:46,110 INFO toClientNotifyTaskSize = 0

2023-11-11 11:38:55,363 INFO [long-pulling] client count 0

2023-11-11 11:38:56,075 INFO groupCount = 0, subscriberClientCount = 0, subscriberCount = 0

2023-11-11 11:38:56,113 INFO toNotifyTaskSize = 0

2023-11-11 11:38:56,114 INFO toClientNotifyTaskSize = 0

2023-11-11 11:39:05,377 INFO [long-pulling] client count 0

2023-11-11 11:39:06,078 INFO groupCount = 0, subscriberClientCount = 0, subscriberCount = 0

2023-11-11 11:39:06,119 INFO toNotifyTaskSize = 0

2023-11-11 11:39:06,120 INFO toClientNotifyTaskSize = 0

2023-11-11 11:39:15,380 INFO [long-pulling] client count 0

2023-11-11 11:39:16,084 INFO groupCount = 0, subscriberClientCount = 0, subscriberCount = 0

2023-11-11 11:39:16,124 INFO toNotifyTaskSize = 0

2023-11-11 11:39:16,125 INFO toClientNotifyTaskSize = 0

2023-11-11 11:39:25,382 INFO [long-pulling] client count 0

2023-11-11 11:39:26,085 INFO groupCount = 0, subscriberClientCount = 0, subscriberCount = 0

2023-11-11 11:39:26,125 INFO toNotifyTaskSize = 0

2023-11-11 11:39:26,126 INFO toClientNotifyTaskSize = 0

2023-11-11 11:39:35,385 INFO [long-pulling] client count 0

2023-11-11 11:39:36,087 INFO groupCount = 0, subscriberClientCount = 0, subscriberCount = 0

2023-11-11 11:39:36,130 INFO toNotifyTaskSize = 0

2023-11-11 11:39:36,133 INFO toClientNotifyTaskSize = 0

2023-11-11 11:39:45,388 INFO [long-pulling] client count 0

2023-11-11 11:39:46,093 INFO groupCount = 0, subscriberClientCount = 0, subscriberCount = 0

2023-11-11 11:39:46,135 INFO toNotifyTaskSize = 0

2023-11-11 11:39:46,136 INFO toClientNotifyTaskSize = 0

2023-11-11 11:39:55,393 INFO [long-pulling] client count 0

2023-11-11 11:39:56,096 INFO groupCount = 0, subscriberClientCount = 0, subscriberCount = 0

2023-11-11 11:39:56,141 INFO toNotifyTaskSize = 0

2023-11-11 11:39:56,143 INFO toClientNotifyTaskSize = 0

2023-11-11 11:40:05,399 INFO [long-pulling] client count 0

2023-11-11 11:40:06,098 INFO groupCount = 0, subscriberClientCount = 0, subscriberCount = 0

2023-11-11 11:40:06,145 INFO toNotifyTaskSize = 0

2023-11-11 11:40:06,145 INFO toClientNotifyTaskSize = 0

2023-11-11 11:40:15,405 INFO [long-pulling] client count 0

2023-11-11 11:40:16,100 INFO groupCount = 0, subscriberClientCount = 0, subscriberCount = 0

2023-11-11 11:40:16,152 INFO toNotifyTaskSize = 0

2023-11-11 11:40:16,155 INFO toClientNotifyTaskSize = 0

2023-11-11 11:40:25,410 INFO [long-pulling] client count 0

2023-11-11 11:40:26,108 INFO groupCount = 0, subscriberClientCount = 0, subscriberCount = 0

2023-11-11 11:40:26,161 INFO toNotifyTaskSize = 0

2023-11-11 11:40:26,162 INFO toClientNotifyTaskSize = 0

2023-11-11 11:40:35,412 INFO [long-pulling] client count 0

2023-11-11 11:40:36,113 INFO groupCount = 0, subscriberClientCount = 0, subscriberCount = 0

2023-11-11 11:40:36,164 INFO toNotifyTaskSize = 0

2023-11-11 11:40:36,166 INFO toClientNotifyTaskSize = 0

2023-11-11 11:40:45,419 INFO [long-pulling] client count 0

2023-11-11 11:40:46,118 INFO groupCount = 0, subscriberClientCount = 0, subscriberCount = 0

2023-11-11 11:40:46,171 INFO toNotifyTaskSize = 0

2023-11-11 11:40:46,173 INFO toClientNotifyTaskSize = 0

2023-11-11 11:40:55,425 INFO [long-pulling] client count 0

2023-11-11 11:40:56,120 INFO groupCount = 0, subscriberClientCount = 0, subscriberCount = 0

2023-11-11 11:40:56,177 INFO toNotifyTaskSize = 0

2023-11-11 11:40:56,178 INFO toClientNotifyTaskSize = 0

2023-11-11 11:41:05,429 INFO [long-pulling] client count 0

2023-11-11 11:41:06,121 INFO groupCount = 0, subscriberClientCount = 0, subscriberCount = 0

2023-11-11 11:41:06,182 INFO toNotifyTaskSize = 0

2023-11-11 11:41:06,183 INFO toClientNotifyTaskSize = 0

2023-11-11 11:41:15,430 INFO [long-pulling] client count 0

2023-11-11 11:41:16,122 INFO groupCount = 0, subscriberClientCount = 0, subscriberCount = 0

2023-11-11 11:41:16,185 INFO toNotifyTaskSize = 0

2023-11-11 11:41:16,185 INFO toClientNotifyTaskSize = 0

2023-11-11 11:41:25,435 INFO [long-pulling] client count 0

2023-11-11 11:41:26,129 INFO groupCount = 0, subscriberClientCount = 0, subscriberCount = 0

2023-11-11 11:41:26,191 INFO toNotifyTaskSize = 0

2023-11-11 11:41:26,192 INFO toClientNotifyTaskSize = 0

2023-11-11 11:41:35,437 INFO [long-pulling] client count 0

2023-11-11 11:41:36,133 INFO groupCount = 0, subscriberClientCount = 0, subscriberCount = 0

2023-11-11 11:41:36,194 INFO toNotifyTaskSize = 0

2023-11-11 11:41:36,195 INFO toClientNotifyTaskSize = 0

2023-11-11 11:41:45,439 INFO [long-pulling] client count 0

2023-11-11 11:41:46,137 INFO groupCount = 0, subscriberClientCount = 0, subscriberCount = 0

2023-11-11 11:41:46,199 INFO toNotifyTaskSize = 0

2023-11-11 11:41:46,200 INFO toClientNotifyTaskSize = 0

2023-11-11 11:41:55,441 INFO [long-pulling] client count 0

2023-11-11 11:41:56,142 INFO groupCount = 0, subscriberClientCount = 0, subscriberCount = 0

2023-11-11 11:41:56,206 INFO toNotifyTaskSize = 0

2023-11-11 11:41:56,207 INFO toClientNotifyTaskSize = 0

2023-11-11 11:42:05,451 INFO [long-pulling] client count 0

2023-11-11 11:42:06,150 INFO groupCount = 0, subscriberClientCount = 0, subscriberCount = 0

2023-11-11 11:42:06,211 INFO toNotifyTaskSize = 0

2023-11-11 11:42:06,212 INFO toClientNotifyTaskSize = 0

2023-11-11 11:42:15,457 INFO [long-pulling] client count 0

2023-11-11 11:42:16,156 INFO groupCount = 0, subscriberClientCount = 0, subscriberCount = 0

2023-11-11 11:42:16,214 INFO toNotifyTaskSize = 0

2023-11-11 11:42:16,215 INFO toClientNotifyTaskSize = 0

2023-11-11 11:42:25,464 INFO [long-pulling] client count 0

2023-11-11 11:42:26,160 INFO groupCount = 0, subscriberClientCount = 0, subscriberCount = 0

2023-11-11 11:42:26,218 INFO toNotifyTaskSize = 0

2023-11-11 11:42:26,219 INFO toClientNotifyTaskSize = 0

2023-11-11 11:42:35,466 INFO [long-pulling] client count 0

2023-11-11 11:42:36,168 INFO groupCount = 0, subscriberClientCount = 0, subscriberCount = 0

2023-11-11 11:42:36,223 INFO toNotifyTaskSize = 0

2023-11-11 11:42:36,224 INFO toClientNotifyTaskSize = 0

2023-11-11 11:42:45,473 INFO [long-pulling] client count 0

2023-11-11 11:42:46,170 INFO groupCount = 0, subscriberClientCount = 0, subscriberCount = 0

2023-11-11 11:42:46,230 INFO toNotifyTaskSize = 0

2023-11-11 11:42:46,231 INFO toClientNotifyTaskSize = 0

2023-11-11 11:42:55,475 INFO [long-pulling] client count 0

2023-11-11 11:42:56,176 INFO groupCount = 0, subscriberClientCount = 0, subscriberCount = 0

2023-11-11 11:42:56,237 INFO toNotifyTaskSize = 0

2023-11-11 11:42:56,238 INFO toClientNotifyTaskSize = 0

2023-11-11 11:43:05,480 INFO [long-pulling] client count 0

2023-11-11 11:43:06,181 INFO groupCount = 0, subscriberClientCount = 0, subscriberCount = 0

2023-11-11 11:43:06,239 INFO toNotifyTaskSize = 0

2023-11-11 11:43:06,240 INFO toClientNotifyTaskSize = 0

2023-11-11 11:43:15,482 INFO [long-pulling] client count 0

2023-11-11 11:43:16,186 INFO groupCount = 0, subscriberClientCount = 0, subscriberCount = 0

2023-11-11 11:43:16,243 INFO toNotifyTaskSize = 0

2023-11-11 11:43:16,245 INFO toClientNotifyTaskSize = 0

2023-11-11 11:43:25,484 INFO [long-pulling] client count 0

2023-11-11 11:43:26,188 INFO groupCount = 0, subscriberClientCount = 0, subscriberCount = 0

2023-11-11 11:43:26,247 INFO toNotifyTaskSize = 0

2023-11-11 11:43:26,247 INFO toClientNotifyTaskSize = 0

2023-11-11 11:43:35,485 INFO [long-pulling] client count 0

2023-11-11 11:43:36,193 INFO groupCount = 0, subscriberClientCount = 0, subscriberCount = 0

2023-11-11 11:43:36,253 INFO toNotifyTaskSize = 0

2023-11-11 11:43:36,254 INFO toClientNotifyTaskSize = 0

2023-11-11 11:43:45,487 INFO [long-pulling] client count 0

2023-11-11 11:43:46,203 INFO groupCount = 0, subscriberClientCount = 0, subscriberCount = 0

2023-11-11 11:43:46,257 INFO toNotifyTaskSize = 0

2023-11-11 11:43:46,257 INFO toClientNotifyTaskSize = 0

2023-11-11 11:43:55,488 INFO [long-pulling] client count 0

2023-11-11 11:43:56,207 INFO groupCount = 0, subscriberClientCount = 0, subscriberCount = 0

2023-11-11 11:43:56,261 INFO toNotifyTaskSize = 0

2023-11-11 11:43:56,262 INFO toClientNotifyTaskSize = 0

2023-11-11 11:44:05,496 INFO [long-pulling] client count 0

2023-11-11 11:44:06,212 INFO groupCount = 0, subscriberClientCount = 0, subscriberCount = 0

2023-11-11 11:44:06,268 INFO toNotifyTaskSize = 0

2023-11-11 11:44:06,269 INFO toClientNotifyTaskSize = 0

2023-11-11 11:44:15,509 INFO [long-pulling] client count 0

2023-11-11 11:44:16,217 INFO groupCount = 0, subscriberClientCount = 0, subscriberCount = 0

2023-11-11 11:44:16,271 INFO toNotifyTaskSize = 0

2023-11-11 11:44:16,272 INFO toClientNotifyTaskSize = 0

2023-11-11 11:44:25,518 INFO [long-pulling] client count 0

2023-11-11 11:44:26,218 INFO groupCount = 0, subscriberClientCount = 0, subscriberCount = 0

2023-11-11 11:44:26,273 INFO toNotifyTaskSize = 0

2023-11-11 11:44:26,274 INFO toClientNotifyTaskSize = 0

2023-11-11 11:44:35,525 INFO [long-pulling] client count 0

2023-11-11 11:44:36,220 INFO groupCount = 0, subscriberClientCount = 0, subscriberCount = 0

2023-11-11 11:44:36,277 INFO toNotifyTaskSize = 0

2023-11-11 11:44:36,280 INFO toClientNotifyTaskSize = 0

2023-11-11 11:44:45,530 INFO [long-pulling] client count 0

2023-11-11 11:44:46,222 INFO groupCount = 0, subscriberClientCount = 0, subscriberCount = 0

2023-11-11 11:44:46,287 INFO toNotifyTaskSize = 0

2023-11-11 11:44:46,288 INFO toClientNotifyTaskSize = 0

2023-11-11 11:44:55,533 INFO [long-pulling] client count 0

2023-11-11 11:44:56,225 INFO groupCount = 0, subscriberClientCount = 0, subscriberCount = 0

2023-11-11 11:44:56,290 INFO toNotifyTaskSize = 0

2023-11-11 11:44:56,291 INFO toClientNotifyTaskSize = 0

2023-11-11 11:45:05,542 INFO [long-pulling] client count 0

2023-11-11 11:45:06,226 INFO groupCount = 0, subscriberClientCount = 0, subscriberCount = 0

2023-11-11 11:45:06,298 INFO toNotifyTaskSize = 0

2023-11-11 11:45:06,299 INFO toClientNotifyTaskSize = 0

2023-11-11 11:45:15,551 INFO [long-pulling] client count 0

2023-11-11 11:45:16,231 INFO groupCount = 0, subscriberClientCount = 0, subscriberCount = 0

2023-11-11 11:45:16,304 INFO toNotifyTaskSize = 0

2023-11-11 11:45:16,305 INFO toClientNotifyTaskSize = 0

2023-11-11 11:45:25,554 INFO [long-pulling] client count 0

2023-11-11 11:45:26,235 INFO groupCount = 0, subscriberClientCount = 0, subscriberCount = 0

2023-11-11 11:45:26,307 INFO toNotifyTaskSize = 0

2023-11-11 11:45:26,309 INFO toClientNotifyTaskSize = 0

2023-11-11 11:45:35,556 INFO [long-pulling] client count 0

2023-11-11 11:45:36,241 INFO groupCount = 0, subscriberClientCount = 0, subscriberCount = 0

2023-11-11 11:45:36,315 INFO toNotifyTaskSize = 0

2023-11-11 11:45:36,316 INFO toClientNotifyTaskSize = 0

2023-11-11 11:45:45,560 INFO [long-pulling] client count 0

2023-11-11 11:45:46,246 INFO groupCount = 0, subscriberClientCount = 0, subscriberCount = 0

2023-11-11 11:45:46,317 INFO toNotifyTaskSize = 0

2023-11-11 11:45:46,319 INFO toClientNotifyTaskSize = 0

2023-11-11 11:45:55,565 INFO [long-pulling] client count 0

2023-11-11 11:45:56,250 INFO groupCount = 0, subscriberClientCount = 0, subscriberCount = 0

2023-11-11 11:45:56,321 INFO toNotifyTaskSize = 0

2023-11-11 11:45:56,322 INFO toClientNotifyTaskSize = 0

2023-11-11 11:46:05,573 INFO [long-pulling] client count 0

2023-11-11 11:46:06,253 INFO groupCount = 0, subscriberClientCount = 0, subscriberCount = 0

2023-11-11 11:46:06,328 INFO toNotifyTaskSize = 0

2023-11-11 11:46:06,328 INFO toClientNotifyTaskSize = 0

2023-11-11 11:46:15,583 INFO [long-pulling] client count 0

2023-11-11 11:46:16,258 INFO groupCount = 0, subscriberClientCount = 0, subscriberCount = 0

2023-11-11 11:46:16,333 INFO toNotifyTaskSize = 0

2023-11-11 11:46:16,336 INFO toClientNotifyTaskSize = 0

2023-11-11 11:46:25,589 INFO [long-pulling] client count 0

2023-11-11 11:46:26,261 INFO groupCount = 0, subscriberClientCount = 0, subscriberCount = 0

2023-11-11 11:46:26,337 INFO toNotifyTaskSize = 0

2023-11-11 11:46:26,338 INFO toClientNotifyTaskSize = 0

2023-11-11 11:46:35,594 INFO [long-pulling] client count 0

2023-11-11 11:46:36,265 INFO groupCount = 0, subscriberClientCount = 0, subscriberCount = 0

2023-11-11 11:46:36,339 INFO toNotifyTaskSize = 0

2023-11-11 11:46:36,340 INFO toClientNotifyTaskSize = 0

2023-11-11 11:46:45,602 INFO [long-pulling] client count 0

2023-11-11 11:46:46,271 INFO groupCount = 0, subscriberClientCount = 0, subscriberCount = 0

2023-11-11 11:46:46,346 INFO toNotifyTaskSize = 0

2023-11-11 11:46:46,347 INFO toClientNotifyTaskSize = 0

2023-11-11 11:46:55,608 INFO [long-pulling] client count 0

2023-11-11 11:46:56,275 INFO groupCount = 0, subscriberClientCount = 0, subscriberCount = 0

2023-11-11 11:46:56,351 INFO toNotifyTaskSize = 0

2023-11-11 11:46:56,353 INFO toClientNotifyTaskSize = 0

2023-11-11 11:47:05,610 INFO [long-pulling] client count 0

2023-11-11 11:47:06,281 INFO groupCount = 0, subscriberClientCount = 0, subscriberCount = 0

2023-11-11 11:47:06,359 INFO toNotifyTaskSize = 0

2023-11-11 11:47:06,360 INFO toClientNotifyTaskSize = 0

2023-11-11 11:47:15,612 INFO [long-pulling] client count 0

2023-11-11 11:47:16,287 INFO groupCount = 0, subscriberClientCount = 0, subscriberCount = 0

2023-11-11 11:47:16,363 INFO toNotifyTaskSize = 0

2023-11-11 11:47:16,363 INFO toClientNotifyTaskSize = 0

2023-11-11 11:47:25,616 INFO [long-pulling] client count 0

2023-11-11 11:47:26,291 INFO groupCount = 0, subscriberClientCount = 0, subscriberCount = 0

2023-11-11 11:47:26,365 INFO toNotifyTaskSize = 0

2023-11-11 11:47:26,366 INFO toClientNotifyTaskSize = 0

2023-11-11 11:47:35,622 INFO [long-pulling] client count 0

2023-11-11 11:47:36,293 INFO groupCount = 0, subscriberClientCount = 0, subscriberCount = 0

2023-11-11 11:47:36,369 INFO toNotifyTaskSize = 0

2023-11-11 11:47:36,370 INFO toClientNotifyTaskSize = 0

2023-11-11 11:47:45,636 INFO [long-pulling] client count 0

2023-11-11 11:47:46,301 INFO groupCount = 0, subscriberClientCount = 0, subscriberCount = 0

2023-11-11 11:47:46,374 INFO toNotifyTaskSize = 0

2023-11-11 11:47:46,375 INFO toClientNotifyTaskSize = 0

2023-11-11 11:47:55,639 INFO [long-pulling] client count 0

2023-11-11 11:47:56,305 INFO groupCount = 0, subscriberClientCount = 0, subscriberCount = 0

2023-11-11 11:47:56,381 INFO toNotifyTaskSize = 0

2023-11-11 11:47:56,382 INFO toClientNotifyTaskSize = 0

2023-11-11 11:48:05,643 INFO [long-pulling] client count 0

2023-11-11 11:48:06,310 INFO groupCount = 0, subscriberClientCount = 0, subscriberCount = 0

2023-11-11 11:48:06,384 INFO toNotifyTaskSize = 0

2023-11-11 11:48:06,385 INFO toClientNotifyTaskSize = 0

2023-11-11 11:48:15,650 INFO [long-pulling] client count 0

2023-11-11 11:48:16,319 INFO groupCount = 0, subscriberClientCount = 0, subscriberCount = 0

2023-11-11 11:48:16,388 INFO toNotifyTaskSize = 0

2023-11-11 11:48:16,392 INFO toClientNotifyTaskSize = 0

2023-11-11 11:48:25,652 INFO [long-pulling] client count 0

2023-11-11 11:48:26,321 INFO groupCount = 0, subscriberClientCount = 0, subscriberCount = 0

2023-11-11 11:48:26,396 INFO toNotifyTaskSize = 0

2023-11-11 11:48:26,397 INFO toClientNotifyTaskSize = 0

2023-11-11 11:48:35,659 INFO [long-pulling] client count 0

2023-11-11 11:48:36,324 INFO groupCount = 0, subscriberClientCount = 0, subscriberCount = 0

2023-11-11 11:48:36,400 INFO toNotifyTaskSize = 0

2023-11-11 11:48:36,402 INFO toClientNotifyTaskSize = 0

2023-11-11 11:48:45,669 INFO [long-pulling] client count 0

2023-11-11 11:48:46,329 INFO groupCount = 0, subscriberClientCount = 0, subscriberCount = 0

2023-11-11 11:48:46,407 INFO toNotifyTaskSize = 0

2023-11-11 11:48:46,408 INFO toClientNotifyTaskSize = 0

2023-11-11 11:48:55,676 INFO [long-pulling] client count 0

2023-11-11 11:48:56,368 INFO groupCount = 0, subscriberClientCount = 0, subscriberCount = 0

2023-11-11 11:48:56,408 INFO toNotifyTaskSize = 0

2023-11-11 11:48:56,409 INFO toClientNotifyTaskSize = 0

2023-11-11 11:49:05,713 INFO [long-pulling] client count 0

2023-11-11 11:49:06,374 INFO groupCount = 0, subscriberClientCount = 0, subscriberCount = 0

2023-11-11 11:49:06,412 INFO toNotifyTaskSize = 0

2023-11-11 11:49:06,414 INFO toClientNotifyTaskSize = 0

2023-11-11 11:49:15,723 INFO [long-pulling] client count 0

2023-11-11 11:49:16,378 INFO groupCount = 0, subscriberClientCount = 0, subscriberCount = 0

2023-11-11 11:49:16,416 INFO toNotifyTaskSize = 0

2023-11-11 11:49:16,419 INFO toClientNotifyTaskSize = 0

2023-11-11 11:49:25,730 INFO [long-pulling] client count 0

2023-11-11 11:49:26,380 INFO groupCount = 0, subscriberClientCount = 0, subscriberCount = 0

2023-11-11 11:49:26,424 INFO toNotifyTaskSize = 0

2023-11-11 11:49:26,425 INFO toClientNotifyTaskSize = 0

2023-11-11 11:49:35,735 INFO [long-pulling] client count 0

2023-11-11 11:49:36,385 INFO groupCount = 0, subscriberClientCount = 0, subscriberCount = 0

2023-11-11 11:49:36,429 INFO toNotifyTaskSize = 0

2023-11-11 11:49:36,430 INFO toClientNotifyTaskSize = 0

2023-11-11 11:49:45,741 INFO [long-pulling] client count 0

2023-11-11 11:49:46,391 INFO groupCount = 0, subscriberClientCount = 0, subscriberCount = 0

2023-11-11 11:49:46,435 INFO toNotifyTaskSize = 0

2023-11-11 11:49:46,436 INFO toClientNotifyTaskSize = 0

2023-11-11 11:49:55,746 INFO [long-pulling] client count 0

2023-11-11 11:49:56,394 INFO groupCount = 0, subscriberClientCount = 0, subscriberCount = 0

2023-11-11 11:49:56,439 INFO toNotifyTaskSize = 0

2023-11-11 11:49:56,440 INFO toClientNotifyTaskSize = 0

2023-11-11 11:50:05,751 INFO [long-pulling] client count 0

2023-11-11 11:50:06,400 INFO groupCount = 0, subscriberClientCount = 0, subscriberCount = 0

2023-11-11 11:50:06,442 INFO toNotifyTaskSize = 0

2023-11-11 11:50:06,443 INFO toClientNotifyTaskSize = 0

2023-11-11 11:50:15,753 INFO [long-pulling] client count 0

2023-11-11 11:50:16,402 INFO groupCount = 0, subscriberClientCount = 0, subscriberCount = 0

2023-11-11 11:50:16,446 INFO toNotifyTaskSize = 0

2023-11-11 11:50:16,447 INFO toClientNotifyTaskSize = 0

2023-11-11 11:50:25,756 INFO [long-pulling] client count 0

2023-11-11 11:50:26,404 INFO groupCount = 0, subscriberClientCount = 0, subscriberCount = 0

2023-11-11 11:50:26,450 INFO toNotifyTaskSize = 0

2023-11-11 11:50:26,451 INFO toClientNotifyTaskSize = 0

2023-11-11 11:50:35,763 INFO [long-pulling] client count 0

2023-11-11 11:50:36,407 INFO groupCount = 0, subscriberClientCount = 0, subscriberCount = 0

2023-11-11 11:50:36,454 INFO toNotifyTaskSize = 0

2023-11-11 11:50:36,456 INFO toClientNotifyTaskSize = 0

2023-11-11 11:50:45,771 INFO [long-pulling] client count 0

2023-11-11 11:50:46,411 INFO groupCount = 0, subscriberClientCount = 0, subscriberCount = 0

2023-11-11 11:50:46,463 INFO toNotifyTaskSize = 0

2023-11-11 11:50:46,464 INFO toClientNotifyTaskSize = 0

2023-11-11 11:50:55,773 INFO [long-pulling] client count 0

2023-11-11 11:50:56,415 INFO groupCount = 0, subscriberClientCount = 0, subscriberCount = 0

2023-11-11 11:50:56,468 INFO toNotifyTaskSize = 0

2023-11-11 11:50:56,469 INFO toClientNotifyTaskSize = 0

2023-11-11 11:51:05,776 INFO [long-pulling] client count 0

2023-11-11 11:51:06,418 INFO groupCount = 0, subscriberClientCount = 0, subscriberCount = 0

2023-11-11 11:51:06,476 INFO toNotifyTaskSize = 0

2023-11-11 11:51:06,477 INFO toClientNotifyTaskSize = 0

2023-11-11 11:51:15,782 INFO [long-pulling] client count 0

2023-11-11 11:51:16,424 INFO groupCount = 0, subscriberClientCount = 0, subscriberCount = 0

2023-11-11 11:51:16,478 INFO toNotifyTaskSize = 0

2023-11-11 11:51:16,479 INFO toClientNotifyTaskSize = 0

2023-11-11 11:51:25,788 INFO [long-pulling] client count 0

2023-11-11 11:51:26,425 INFO groupCount = 0, subscriberClientCount = 0, subscriberCount = 0

2023-11-11 11:51:26,484 INFO toNotifyTaskSize = 0

2023-11-11 11:51:26,486 INFO toClientNotifyTaskSize = 0

2023-11-11 11:51:35,791 INFO [long-pulling] client count 0

2023-11-11 11:51:36,431 INFO groupCount = 0, subscriberClientCount = 0, subscriberCount = 0

2023-11-11 11:51:36,489 INFO toNotifyTaskSize = 0

2023-11-11 11:51:36,490 INFO toClientNotifyTaskSize = 0

2023-11-11 11:51:45,794 INFO [long-pulling] client count 0

2023-11-11 11:51:46,433 INFO groupCount = 0, subscriberClientCount = 0, subscriberCount = 0

2023-11-11 11:51:46,497 INFO toNotifyTaskSize = 0

2023-11-11 11:51:46,498 INFO toClientNotifyTaskSize = 0

2023-11-11 11:51:55,796 INFO [long-pulling] client count 0

2023-11-11 11:51:56,436 INFO groupCount = 0, subscriberClientCount = 0, subscriberCount = 0

2023-11-11 11:51:56,500 INFO toNotifyTaskSize = 0

2023-11-11 11:51:56,501 INFO toClientNotifyTaskSize = 0

2023-11-11 11:52:05,799 INFO [long-pulling] client count 0

2023-11-11 11:52:06,442 INFO groupCount = 0, subscriberClientCount = 0, subscriberCount = 0

2023-11-11 11:52:06,502 INFO toNotifyTaskSize = 0

2023-11-11 11:52:06,503 INFO toClientNotifyTaskSize = 0

2023-11-11 11:52:15,805 INFO [long-pulling] client count 0

2023-11-11 11:52:16,443 INFO groupCount = 0, subscriberClientCount = 0, subscriberCount = 0

2023-11-11 11:52:16,507 INFO toNotifyTaskSize = 0

2023-11-11 11:52:16,509 INFO toClientNotifyTaskSize = 0

2023-11-11 11:52:25,809 INFO [long-pulling] client count 0

2023-11-11 11:52:26,445 INFO groupCount = 0, subscriberClientCount = 0, subscriberCount = 0

2023-11-11 11:52:26,515 INFO toNotifyTaskSize = 0

2023-11-11 11:52:26,516 INFO toClientNotifyTaskSize = 0

2023-11-11 11:52:35,811 INFO [long-pulling] client count 0

2023-11-11 11:52:36,447 INFO groupCount = 0, subscriberClientCount = 0, subscriberCount = 0

2023-11-11 11:52:36,516 INFO toNotifyTaskSize = 0

2023-11-11 11:52:36,517 INFO toClientNotifyTaskSize = 0

2023-11-11 11:52:45,817 INFO [long-pulling] client count 0

2023-11-11 11:52:46,452 INFO groupCount = 0, subscriberClientCount = 0, subscriberCount = 0

2023-11-11 11:52:46,518 INFO toNotifyTaskSize = 0

2023-11-11 11:52:46,519 INFO toClientNotifyTaskSize = 0

2023-11-11 11:52:55,823 INFO [long-pulling] client count 0

2023-11-11 11:52:56,453 INFO groupCount = 0, subscriberClientCount = 0, subscriberCount = 0

2023-11-11 11:52:56,520 INFO toNotifyTaskSize = 0

2023-11-11 11:52:56,521 INFO toClientNotifyTaskSize = 0

2023-11-11 11:53:05,829 INFO [long-pulling] client count 0

2023-11-11 11:53:06,455 INFO groupCount = 0, subscriberClientCount = 0, subscriberCount = 0

2023-11-11 11:53:06,523 INFO toNotifyTaskSize = 0

2023-11-11 11:53:06,525 INFO toClientNotifyTaskSize = 0

2023-11-11 11:53:15,834 INFO [long-pulling] client count 0

2023-11-11 11:53:16,457 INFO groupCount = 0, subscriberClientCount = 0, subscriberCount = 0

2023-11-11 11:53:16,527 INFO toNotifyTaskSize = 0

2023-11-11 11:53:16,528 INFO toClientNotifyTaskSize = 0

2023-11-11 11:53:25,837 INFO [long-pulling] client count 0

2023-11-11 11:53:26,459 INFO groupCount = 0, subscriberClientCount = 0, subscriberCount = 0

2023-11-11 11:53:26,530 INFO toNotifyTaskSize = 0

2023-11-11 11:53:26,531 INFO toClientNotifyTaskSize = 0

2023-11-11 11:53:35,841 INFO [long-pulling] client count 0

2023-11-11 11:53:36,461 INFO groupCount = 0, subscriberClientCount = 0, subscriberCount = 0

2023-11-11 11:53:36,537 INFO toNotifyTaskSize = 0

2023-11-11 11:53:36,537 INFO toClientNotifyTaskSize = 0

2023-11-11 11:53:45,844 INFO [long-pulling] client count 0

2023-11-11 11:53:46,465 INFO groupCount = 0, subscriberClientCount = 0, subscriberCount = 0

2023-11-11 11:53:46,543 INFO toNotifyTaskSize = 0

2023-11-11 11:53:46,544 INFO toClientNotifyTaskSize = 0

2023-11-11 11:53:55,849 INFO [long-pulling] client count 0

2023-11-11 11:53:56,471 INFO groupCount = 0, subscriberClientCount = 0, subscriberCount = 0

2023-11-11 11:53:56,545 INFO toNotifyTaskSize = 0

2023-11-11 11:53:56,546 INFO toClientNotifyTaskSize = 0

2023-11-11 11:54:05,852 INFO [long-pulling] client count 0

2023-11-11 11:54:06,473 INFO groupCount = 0, subscriberClientCount = 0, subscriberCount = 0

2023-11-11 11:54:06,551 INFO toNotifyTaskSize = 0

2023-11-11 11:54:06,551 INFO toClientNotifyTaskSize = 0

2023-11-11 11:54:15,856 INFO [long-pulling] client count 0

2023-11-11 11:54:16,476 INFO groupCount = 0, subscriberClientCount = 0, subscriberCount = 0

2023-11-11 11:54:16,553 INFO toNotifyTaskSize = 0

2023-11-11 11:54:16,553 INFO toClientNotifyTaskSize = 0

2023-11-11 11:54:25,862 INFO [long-pulling] client count 0

2023-11-11 11:54:26,478 INFO groupCount = 0, subscriberClientCount = 0, subscriberCount = 0

2023-11-11 11:54:26,558 INFO toNotifyTaskSize = 0

2023-11-11 11:54:26,559 INFO toClientNotifyTaskSize = 0

2023-11-11 11:54:35,866 INFO [long-pulling] client count 0

2023-11-11 11:54:36,481 INFO groupCount = 0, subscriberClientCount = 0, subscriberCount = 0

2023-11-11 11:54:36,564 INFO toNotifyTaskSize = 0

2023-11-11 11:54:36,565 INFO toClientNotifyTaskSize = 0

2023-11-11 11:54:45,872 INFO [long-pulling] client count 0

2023-11-11 11:54:46,485 INFO groupCount = 0, subscriberClientCount = 0, subscriberCount = 0

2023-11-11 11:54:46,568 INFO toNotifyTaskSize = 0

2023-11-11 11:54:46,569 INFO toClientNotifyTaskSize = 0

2023-11-11 11:54:55,877 INFO [long-pulling] client count 0

2023-11-11 11:54:56,486 INFO groupCount = 0, subscriberClientCount = 0, subscriberCount = 0

2023-11-11 11:54:56,572 INFO toNotifyTaskSize = 0

2023-11-11 11:54:56,574 INFO toClientNotifyTaskSize = 0

2023-11-11 11:55:05,879 INFO [long-pulling] client count 0

2023-11-11 11:55:06,489 INFO groupCount = 0, subscriberClientCount = 0, subscriberCount = 0

2023-11-11 11:55:06,578 INFO toNotifyTaskSize = 0

2023-11-11 11:55:06,579 INFO toClientNotifyTaskSize = 0

2023-11-11 11:55:15,882 INFO [long-pulling] client count 0

2023-11-11 11:55:16,493 INFO groupCount = 0, subscriberClientCount = 0, subscriberCount = 0

2023-11-11 11:55:16,586 INFO toNotifyTaskSize = 0

2023-11-11 11:55:16,589 INFO toClientNotifyTaskSize = 0

2023-11-11 11:55:25,887 INFO [long-pulling] client count 0

2023-11-11 11:55:26,507 INFO groupCount = 0, subscriberClientCount = 0, subscriberCount = 0

2023-11-11 11:55:26,593 INFO toNotifyTaskSize = 0

2023-11-11 11:55:26,594 INFO toClientNotifyTaskSize = 0

2023-11-11 11:55:35,894 INFO [long-pulling] client count 0

2023-11-11 11:55:36,509 INFO groupCount = 0, subscriberClientCount = 0, subscriberCount = 0

2023-11-11 11:55:36,598 INFO toNotifyTaskSize = 0

2023-11-11 11:55:36,598 INFO toClientNotifyTaskSize = 0

2023-11-11 11:55:45,898 INFO [long-pulling] client count 0

2023-11-11 11:55:46,515 INFO groupCount = 0, subscriberClientCount = 0, subscriberCount = 0

2023-11-11 11:55:46,602 INFO toNotifyTaskSize = 0

2023-11-11 11:55:46,603 INFO toClientNotifyTaskSize = 0

2023-11-11 11:55:55,903 INFO [long-pulling] client count 0

2023-11-11 11:55:56,521 INFO groupCount = 0, subscriberClientCount = 0, subscriberCount = 0

2023-11-11 11:55:56,604 INFO toNotifyTaskSize = 0

2023-11-11 11:55:56,604 INFO toClientNotifyTaskSize = 0

2023-11-11 11:56:05,907 INFO [long-pulling] client count 0

2023-11-11 11:56:06,524 INFO groupCount = 0, subscriberClientCount = 0, subscriberCount = 0

2023-11-11 11:56:06,609 INFO toNotifyTaskSize = 0

2023-11-11 11:56:06,610 INFO toClientNotifyTaskSize = 0

2023-11-11 11:56:15,913 INFO [long-pulling] client count 0

2023-11-11 11:56:16,530 INFO groupCount = 0, subscriberClientCount = 0, subscriberCount = 0

2023-11-11 11:56:16,611 INFO toNotifyTaskSize = 0

2023-11-11 11:56:16,612 INFO toClientNotifyTaskSize = 0

2023-11-11 11:56:25,922 INFO [long-pulling] client count 0

2023-11-11 11:56:26,533 INFO groupCount = 0, subscriberClientCount = 0, subscriberCount = 0

2023-11-11 11:56:26,614 INFO toNotifyTaskSize = 0

2023-11-11 11:56:26,615 INFO toClientNotifyTaskSize = 0

2023-11-11 11:56:35,924 INFO [long-pulling] client count 0

2023-11-11 11:56:36,535 INFO groupCount = 0, subscriberClientCount = 0, subscriberCount = 0

2023-11-11 11:56:36,619 INFO toNotifyTaskSize = 0

2023-11-11 11:56:36,620 INFO toClientNotifyTaskSize = 0

2023-11-11 11:56:45,932 INFO [long-pulling] client count 0

2023-11-11 11:56:46,539 INFO groupCount = 0, subscriberClientCount = 0, subscriberCount = 0

2023-11-11 11:56:46,624 INFO toNotifyTaskSize = 0

2023-11-11 11:56:46,625 INFO toClientNotifyTaskSize = 0

2023-11-11 11:56:55,936 INFO [long-pulling] client count 0

2023-11-11 11:56:56,544 INFO groupCount = 0, subscriberClientCount = 0, subscriberCount = 0

2023-11-11 11:56:56,630 INFO toNotifyTaskSize = 0

2023-11-11 11:56:56,631 INFO toClientNotifyTaskSize = 0

2023-11-11 11:57:05,939 INFO [long-pulling] client count 0

2023-11-11 11:57:06,547 INFO groupCount = 0, subscriberClientCount = 0, subscriberCount = 0

2023-11-11 11:57:06,635 INFO toNotifyTaskSize = 0

2023-11-11 11:57:06,636 INFO toClientNotifyTaskSize = 0

2023-11-11 11:57:15,941 INFO [long-pulling] client count 0

2023-11-11 11:57:16,550 INFO groupCount = 0, subscriberClientCount = 0, subscriberCount = 0

2023-11-11 11:57:16,637 INFO toNotifyTaskSize = 0

2023-11-11 11:57:16,638 INFO toClientNotifyTaskSize = 0

2023-11-11 11:57:25,945 INFO [long-pulling] client count 0

2023-11-11 11:57:26,554 INFO groupCount = 0, subscriberClientCount = 0, subscriberCount = 0

2023-11-11 11:57:26,640 INFO toNotifyTaskSize = 0

2023-11-11 11:57:26,641 INFO toClientNotifyTaskSize = 0

2023-11-11 11:57:35,947 INFO [long-pulling] client count 0

2023-11-11 11:57:36,558 INFO groupCount = 0, subscriberClientCount = 0, subscriberCount = 0

2023-11-11 11:57:36,643 INFO toNotifyTaskSize = 0

2023-11-11 11:57:36,644 INFO toClientNotifyTaskSize = 0

2023-11-11 11:57:45,952 INFO [long-pulling] client count 0

2023-11-11 11:57:46,562 INFO groupCount = 0, subscriberClientCount = 0, subscriberCount = 0

2023-11-11 11:57:46,647 INFO toNotifyTaskSize = 0

2023-11-11 11:57:46,647 INFO toClientNotifyTaskSize = 0

2023-11-11 11:57:55,955 INFO [long-pulling] client count 0

2023-11-11 11:57:56,565 INFO groupCount = 0, subscriberClientCount = 0, subscriberCount = 0

2023-11-11 11:57:56,653 INFO toNotifyTaskSize = 0

2023-11-11 11:57:56,655 INFO toClientNotifyTaskSize = 0

2023-11-11 11:58:05,962 INFO [long-pulling] client count 0

2023-11-11 11:58:06,575 INFO groupCount = 0, subscriberClientCount = 0, subscriberCount = 0

2023-11-11 11:58:06,658 INFO toNotifyTaskSize = 0

2023-11-11 11:58:06,660 INFO toClientNotifyTaskSize = 0

2023-11-11 11:58:15,965 INFO [long-pulling] client count 0

2023-11-11 11:58:16,576 INFO groupCount = 0, subscriberClientCount = 0, subscriberCount = 0

2023-11-11 11:58:16,661 INFO toNotifyTaskSize = 0

2023-11-11 11:58:16,662 INFO toClientNotifyTaskSize = 0

2023-11-11 11:58:25,972 INFO [long-pulling] client count 0

2023-11-11 11:58:26,581 INFO groupCount = 0, subscriberClientCount = 0, subscriberCount = 0

2023-11-11 11:58:26,665 INFO toNotifyTaskSize = 0

2023-11-11 11:58:26,665 INFO toClientNotifyTaskSize = 0

2023-11-11 11:58:35,976 INFO [long-pulling] client count 0

2023-11-11 11:58:36,585 INFO groupCount = 0, subscriberClientCount = 0, subscriberCount = 0

2023-11-11 11:58:36,668 INFO toNotifyTaskSize = 0

2023-11-11 11:58:36,671 INFO toClientNotifyTaskSize = 0

2023-11-11 11:58:45,979 INFO [long-pulling] client count 0

2023-11-11 11:58:46,590 INFO groupCount = 0, subscriberClientCount = 0, subscriberCount = 0

2023-11-11 11:58:46,677 INFO toNotifyTaskSize = 0

2023-11-11 11:58:46,678 INFO toClientNotifyTaskSize = 0

2023-11-11 11:58:55,983 INFO [long-pulling] client count 0

2023-11-11 11:58:56,594 INFO groupCount = 0, subscriberClientCount = 0, subscriberCount = 0

2023-11-11 11:58:56,682 INFO toNotifyTaskSize = 0

2023-11-11 11:58:56,683 INFO toClientNotifyTaskSize = 0

2023-11-11 11:59:05,988 INFO [long-pulling] client count 0

2023-11-11 11:59:06,597 INFO groupCount = 0, subscriberClientCount = 0, subscriberCount = 0

2023-11-11 11:59:06,688 INFO toNotifyTaskSize = 0

2023-11-11 11:59:06,689 INFO toClientNotifyTaskSize = 0

2023-11-11 11:59:15,990 INFO [long-pulling] client count 0

2023-11-11 11:59:16,604 INFO groupCount = 0, subscriberClientCount = 0, subscriberCount = 0

2023-11-11 11:59:16,694 INFO toNotifyTaskSize = 0

2023-11-11 11:59:16,695 INFO toClientNotifyTaskSize = 0

2023-11-11 11:59:25,994 INFO [long-pulling] client count 0

2023-11-11 11:59:26,610 INFO groupCount = 0, subscriberClientCount = 0, subscriberCount = 0

2023-11-11 11:59:26,696 INFO toNotifyTaskSize = 0

2023-11-11 11:59:26,697 INFO toClientNotifyTaskSize = 0

2023-11-11 11:59:36,001 INFO [long-pulling] client count 0

2023-11-11 11:59:36,623 INFO groupCount = 0, subscriberClientCount = 0, subscriberCount = 0

2023-11-11 11:59:36,704 INFO toNotifyTaskSize = 0

2023-11-11 11:59:36,705 INFO toClientNotifyTaskSize = 0

2023-11-11 11:59:46,012 INFO [long-pulling] client count 0

2023-11-11 11:59:46,630 INFO groupCount = 0, subscriberClientCount = 0, subscriberCount = 0

2023-11-11 11:59:46,707 INFO toNotifyTaskSize = 0

2023-11-11 11:59:46,707 INFO toClientNotifyTaskSize = 0

2023-11-11 11:59:56,013 INFO [long-pulling] client count 0

2023-11-11 11:59:56,632 INFO groupCount = 0, subscriberClientCount = 0, subscriberCount = 0

2023-11-11 11:59:56,709 INFO toNotifyTaskSize = 0

2023-11-11 11:59:56,710 INFO toClientNotifyTaskSize = 0

2023-11-11 12:00:06,018 INFO [long-pulling] client count 0

2023-11-11 12:00:06,634 INFO groupCount = 0, subscriberClientCount = 0, subscriberCount = 0

2023-11-11 12:00:06,716 INFO toNotifyTaskSize = 0

2023-11-11 12:00:06,717 INFO toClientNotifyTaskSize = 0

2023-11-11 12:00:16,020 INFO [long-pulling] client count 0

2023-11-11 12:00:16,640 INFO groupCount = 0, subscriberClientCount = 0, subscriberCount = 0

2023-11-11 12:00:16,723 INFO toNotifyTaskSize = 0

2023-11-11 12:00:16,729 INFO toClientNotifyTaskSize = 0

2023-11-11 12:00:26,026 INFO [long-pulling] client count 0

2023-11-11 12:00:26,642 INFO groupCount = 0, subscriberClientCount = 0, subscriberCount = 0

2023-11-11 12:00:26,734 INFO toNotifyTaskSize = 0

2023-11-11 12:00:26,734 INFO toClientNotifyTaskSize = 0

2023-11-11 12:00:36,028 INFO [long-pulling] client count 0

2023-11-11 12:00:36,648 INFO groupCount = 0, subscriberClientCount = 0, subscriberCount = 0

2023-11-11 12:00:36,740 INFO toNotifyTaskSize = 0

2023-11-11 12:00:36,741 INFO toClientNotifyTaskSize = 0

2023-11-11 12:00:46,033 INFO [long-pulling] client count 0

2023-11-11 12:00:46,652 INFO groupCount = 0, subscriberClientCount = 0, subscriberCount = 0

2023-11-11 12:00:46,743 INFO toNotifyTaskSize = 0

2023-11-11 12:00:46,746 INFO toClientNotifyTaskSize = 0

2023-11-11 12:00:56,037 INFO [long-pulling] client count 0

2023-11-11 12:00:56,658 INFO groupCount = 0, subscriberClientCount = 0, subscriberCount = 0

2023-11-11 12:00:56,754 INFO toNotifyTaskSize = 0

2023-11-11 12:00:56,757 INFO toClientNotifyTaskSize = 0

2023-11-11 12:01:06,042 INFO [long-pulling] client count 0

2023-11-11 12:01:06,664 INFO groupCount = 0, subscriberClientCount = 0, subscriberCount = 0

2023-11-11 12:01:06,759 INFO toNotifyTaskSize = 0

2023-11-11 12:01:06,761 INFO toClientNotifyTaskSize = 0

2023-11-11 12:01:16,045 INFO [long-pulling] client count 0

2023-11-11 12:01:16,669 INFO groupCount = 0, subscriberClientCount = 0, subscriberCount = 0

2023-11-11 12:01:16,764 INFO toNotifyTaskSize = 0

2023-11-11 12:01:16,765 INFO toClientNotifyTaskSize = 0

2023-11-11 12:01:26,049 INFO [long-pulling] client count 0

2023-11-11 12:01:26,675 INFO groupCount = 0, subscriberClientCount = 0, subscriberCount = 0

2023-11-11 12:01:26,768 INFO toNotifyTaskSize = 0

2023-11-11 12:01:26,769 INFO toClientNotifyTaskSize = 0

2023-11-11 12:01:36,054 INFO [long-pulling] client count 0

2023-11-11 12:01:36,681 INFO groupCount = 0, subscriberClientCount = 0, subscriberCount = 0

2023-11-11 12:01:36,770 INFO toNotifyTaskSize = 0

2023-11-11 12:01:36,771 INFO toClientNotifyTaskSize = 0

2023-11-11 12:01:46,057 INFO [long-pulling] client count 0

2023-11-11 12:01:46,682 INFO groupCount = 0, subscriberClientCount = 0, subscriberCount = 0

2023-11-11 12:01:46,772 INFO toNotifyTaskSize = 0

2023-11-11 12:01:46,773 INFO toClientNotifyTaskSize = 0

2023-11-11 12:01:56,059 INFO [long-pulling] client count 0

2023-11-11 12:01:56,684 INFO groupCount = 0, subscriberClientCount = 0, subscriberCount = 0

2023-11-11 12:01:56,777 INFO toNotifyTaskSize = 0

2023-11-11 12:01:56,778 INFO toClientNotifyTaskSize = 0

2023-11-11 12:02:06,066 INFO [long-pulling] client count 0

2023-11-11 12:02:06,688 INFO groupCount = 0, subscriberClientCount = 0, subscriberCount = 0

2023-11-11 12:02:06,783 INFO toNotifyTaskSize = 0

2023-11-11 12:02:06,784 INFO toClientNotifyTaskSize = 0

2023-11-11 12:02:16,082 INFO [long-pulling] client count 0

2023-11-11 12:02:16,690 INFO groupCount = 0, subscriberClientCount = 0, subscriberCount = 0

2023-11-11 12:02:16,788 INFO toNotifyTaskSize = 0

2023-11-11 12:02:16,789 INFO toClientNotifyTaskSize = 0

2023-11-11 12:02:26,091 INFO [long-pulling] client count 0

2023-11-11 12:02:26,694 INFO groupCount = 0, subscriberClientCount = 0, subscriberCount = 0

2023-11-11 12:02:26,790 INFO toNotifyTaskSize = 0

2023-11-11 12:02:26,793 INFO toClientNotifyTaskSize = 0

2023-11-11 12:02:36,097 INFO [long-pulling] client count 0

2023-11-11 12:02:36,697 INFO groupCount = 0, subscriberClientCount = 0, subscriberCount = 0

2023-11-11 12:02:36,798 INFO toNotifyTaskSize = 0

2023-11-11 12:02:36,799 INFO toClientNotifyTaskSize = 0

2023-11-11 12:02:46,104 INFO [long-pulling] client count 0

2023-11-11 12:02:46,700 INFO groupCount = 0, subscriberClientCount = 0, subscriberCount = 0

2023-11-11 12:02:46,800 INFO toNotifyTaskSize = 0

2023-11-11 12:02:46,802 INFO toClientNotifyTaskSize = 0

2023-11-11 12:02:56,110 INFO [long-pulling] client count 0

2023-11-11 12:02:56,703 INFO groupCount = 0, subscriberClientCount = 0, subscriberCount = 0

2023-11-11 12:02:56,804 INFO toNotifyTaskSize = 0

2023-11-11 12:02:56,806 INFO toClientNotifyTaskSize = 0

2023-11-11 12:03:06,113 INFO [long-pulling] client count 0

2023-11-11 12:03:06,708 INFO groupCount = 0, subscriberClientCount = 0, subscriberCount = 0

2023-11-11 12:03:06,810 INFO toNotifyTaskSize = 0

2023-11-11 12:03:06,811 INFO toClientNotifyTaskSize = 0

2023-11-11 12:03:16,119 INFO [long-pulling] client count 0

2023-11-11 12:03:16,713 INFO groupCount = 0, subscriberClientCount = 0, subscriberCount = 0

2023-11-11 12:03:16,813 INFO toNotifyTaskSize = 0

2023-11-11 12:03:16,814 INFO toClientNotifyTaskSize = 0

2023-11-11 12:03:26,124 INFO [long-pulling] client count 0

2023-11-11 12:03:26,715 INFO groupCount = 0, subscriberClientCount = 0, subscriberCount = 0

2023-11-11 12:03:26,819 INFO toNotifyTaskSize = 0

2023-11-11 12:03:26,821 INFO toClientNotifyTaskSize = 0

2023-11-11 12:03:36,131 INFO [long-pulling] client count 0

2023-11-11 12:03:36,720 INFO groupCount = 0, subscriberClientCount = 0, subscriberCount = 0

2023-11-11 12:03:36,823 INFO toNotifyTaskSize = 0

2023-11-11 12:03:36,824 INFO toClientNotifyTaskSize = 0

2023-11-11 12:03:46,137 INFO [long-pulling] client count 0

2023-11-11 12:03:46,724 INFO groupCount = 0, subscriberClientCount = 0, subscriberCount = 0

2023-11-11 12:03:46,827 INFO toNotifyTaskSize = 0

2023-11-11 12:03:46,828 INFO toClientNotifyTaskSize = 0

2023-11-11 12:03:56,142 INFO [long-pulling] client count 0

2023-11-11 12:03:56,725 INFO groupCount = 0, subscriberClientCount = 0, subscriberCount = 0

2023-11-11 12:03:56,829 INFO toNotifyTaskSize = 0

2023-11-11 12:03:56,833 INFO toClientNotifyTaskSize = 0

2023-11-11 12:04:06,147 INFO [long-pulling] client count 0

2023-11-11 12:04:06,730 INFO groupCount = 0, subscriberClientCount = 0, subscriberCount = 0

2023-11-11 12:04:06,836 INFO toNotifyTaskSize = 0

2023-11-11 12:04:06,838 INFO toClientNotifyTaskSize = 0

2023-11-11 12:04:16,151 INFO [long-pulling] client count 0

2023-11-11 12:04:16,734 INFO groupCount = 0, subscriberClientCount = 0, subscriberCount = 0

2023-11-11 12:04:16,843 INFO toNotifyTaskSize = 0

2023-11-11 12:04:16,846 INFO toClientNotifyTaskSize = 0

2023-11-11 12:04:26,152 INFO [long-pulling] client count 0

2023-11-11 12:04:26,739 INFO groupCount = 0, subscriberClientCount = 0, subscriberCount = 0

2023-11-11 12:04:26,849 INFO toNotifyTaskSize = 0

2023-11-11 12:04:26,849 INFO toClientNotifyTaskSize = 0

2023-11-11 12:04:36,156 INFO [long-pulling] client count 0

2023-11-11 12:04:36,741 INFO groupCount = 0, subscriberClientCount = 0, subscriberCount = 0

2023-11-11 12:04:36,855 INFO toNotifyTaskSize = 0

2023-11-11 12:04:36,856 INFO toClientNotifyTaskSize = 0

2023-11-11 12:04:46,156 INFO [long-pulling] client count 0

2023-11-11 12:04:46,745 INFO groupCount = 0, subscriberClientCount = 0, subscriberCount = 0

2023-11-11 12:04:46,861 INFO toNotifyTaskSize = 0

2023-11-11 12:04:46,862 INFO toClientNotifyTaskSize = 0

2023-11-11 12:04:56,163 INFO [long-pulling] client count 0

2023-11-11 12:04:56,749 INFO groupCount = 0, subscriberClientCount = 0, subscriberCount = 0

2023-11-11 12:04:56,867 INFO toNotifyTaskSize = 0

2023-11-11 12:04:56,868 INFO toClientNotifyTaskSize = 0

2023-11-11 12:05:06,167 INFO [long-pulling] client count 0

2023-11-11 12:05:06,752 INFO groupCount = 0, subscriberClientCount = 0, subscriberCount = 0

2023-11-11 12:05:06,872 INFO toNotifyTaskSize = 0

2023-11-11 12:05:06,873 INFO toClientNotifyTaskSize = 0

2023-11-11 12:05:16,172 INFO [long-pulling] client count 0

2023-11-11 12:05:16,754 INFO groupCount = 0, subscriberClientCount = 0, subscriberCount = 0

2023-11-11 12:05:16,876 INFO toNotifyTaskSize = 0

2023-11-11 12:05:16,876 INFO toClientNotifyTaskSize = 0

2023-11-11 12:05:26,173 INFO [long-pulling] client count 0

2023-11-11 12:05:26,762 INFO groupCount = 0, subscriberClientCount = 0, subscriberCount = 0

2023-11-11 12:05:26,877 INFO toNotifyTaskSize = 0

2023-11-11 12:05:26,878 INFO toClientNotifyTaskSize = 0

2023-11-11 12:05:36,180 INFO [long-pulling] client count 0

2023-11-11 12:05:36,763 INFO groupCount = 0, subscriberClientCount = 0, subscriberCount = 0

2023-11-11 12:05:36,880 INFO toNotifyTaskSize = 0

2023-11-11 12:05:36,881 INFO toClientNotifyTaskSize = 0

2023-11-11 12:05:46,183 INFO [long-pulling] client count 0

2023-11-11 12:05:46,766 INFO groupCount = 0, subscriberClientCount = 0, subscriberCount = 0

2023-11-11 12:05:46,882 INFO toNotifyTaskSize = 0

2023-11-11 12:05:46,883 INFO toClientNotifyTaskSize = 0

2023-11-11 12:05:56,189 INFO [long-pulling] client count 0

2023-11-11 12:05:56,772 INFO groupCount = 0, subscriberClientCount = 0, subscriberCount = 0

2023-11-11 12:05:56,885 INFO toNotifyTaskSize = 0

2023-11-11 12:05:56,886 INFO toClientNotifyTaskSize = 0

2023-11-11 12:06:06,191 INFO [long-pulling] client count 0

2023-11-11 12:06:06,777 INFO groupCount = 0, subscriberClientCount = 0, subscriberCount = 0

2023-11-11 12:06:06,887 INFO toNotifyTaskSize = 0

2023-11-11 12:06:06,889 INFO toClientNotifyTaskSize = 0

2023-11-11 12:06:16,197 INFO [long-pulling] client count 0

2023-11-11 12:06:16,786 INFO groupCount = 0, subscriberClientCount = 0, subscriberCount = 0

2023-11-11 12:06:16,894 INFO toNotifyTaskSize = 0

2023-11-11 12:06:16,894 INFO toClientNotifyTaskSize = 0

2023-11-11 12:06:26,201 INFO [long-pulling] client count 0

2023-11-11 12:06:26,788 INFO groupCount = 0, subscriberClientCount = 0, subscriberCount = 0

2023-11-11 12:06:26,897 INFO toNotifyTaskSize = 0

2023-11-11 12:06:26,897 INFO toClientNotifyTaskSize = 0

2023-11-11 12:06:36,204 INFO [long-pulling] client count 0

2023-11-11 12:06:36,790 INFO groupCount = 0, subscriberClientCount = 0, subscriberCount = 0

2023-11-11 12:06:36,898 INFO toNotifyTaskSize = 0

2023-11-11 12:06:36,899 INFO toClientNotifyTaskSize = 0

2023-11-11 12:06:46,206 INFO [long-pulling] client count 0

2023-11-11 12:06:46,796 INFO groupCount = 0, subscriberClientCount = 0, subscriberCount = 0

2023-11-11 12:06:46,901 INFO toNotifyTaskSize = 0

2023-11-11 12:06:46,901 INFO toClientNotifyTaskSize = 0

2023-11-11 12:06:56,212 INFO [long-pulling] client count 0

2023-11-11 12:06:56,800 INFO groupCount = 0, subscriberClientCount = 0, subscriberCount = 0

2023-11-11 12:06:56,907 INFO toNotifyTaskSize = 0

2023-11-11 12:06:56,908 INFO toClientNotifyTaskSize = 0

2023-11-11 12:07:06,217 INFO [long-pulling] client count 0

2023-11-11 12:07:06,803 INFO groupCount = 0, subscriberClientCount = 0, subscriberCount = 0

2023-11-11 12:07:06,910 INFO toNotifyTaskSize = 0

2023-11-11 12:07:06,911 INFO toClientNotifyTaskSize = 0

2023-11-11 12:07:16,219 INFO [long-pulling] client count 0

2023-11-11 12:07:16,807 INFO groupCount = 0, subscriberClientCount = 0, subscriberCount = 0

2023-11-11 12:07:16,918 INFO toNotifyTaskSize = 0

2023-11-11 12:07:16,920 INFO toClientNotifyTaskSize = 0

2023-11-11 12:07:26,224 INFO [long-pulling] client count 0

2023-11-11 12:07:26,810 INFO groupCount = 0, subscriberClientCount = 0, subscriberCount = 0

2023-11-11 12:07:26,934 INFO toNotifyTaskSize = 0

2023-11-11 12:07:26,935 INFO toClientNotifyTaskSize = 0

2023-11-11 12:07:36,232 INFO [long-pulling] client count 0

2023-11-11 12:07:36,812 INFO groupCount = 0, subscriberClientCount = 0, subscriberCount = 0

2023-11-11 12:07:36,947 INFO toNotifyTaskSize = 0

2023-11-11 12:07:36,949 INFO toClientNotifyTaskSize = 0

2023-11-11 12:07:46,237 INFO [long-pulling] client count 0

2023-11-11 12:07:46,815 INFO groupCount = 0, subscriberClientCount = 0, subscriberCount = 0

2023-11-11 12:07:46,960 INFO toNotifyTaskSize = 0

2023-11-11 12:07:46,961 INFO toClientNotifyTaskSize = 0

2023-11-11 12:07:56,240 INFO [long-pulling] client count 0

2023-11-11 12:07:56,827 INFO groupCount = 0, subscriberClientCount = 0, subscriberCount = 0

2023-11-11 12:07:56,971 INFO toNotifyTaskSize = 0

2023-11-11 12:07:56,972 INFO toClientNotifyTaskSize = 0

2023-11-11 12:08:06,246 INFO [long-pulling] client count 0

2023-11-11 12:08:06,831 INFO groupCount = 0, subscriberClientCount = 0, subscriberCount = 0

2023-11-11 12:08:06,977 INFO toNotifyTaskSize = 0

2023-11-11 12:08:06,978 INFO toClientNotifyTaskSize = 0

2023-11-11 12:08:16,251 INFO [long-pulling] client count 0

2023-11-11 12:08:16,839 INFO groupCount = 0, subscriberClientCount = 0, subscriberCount = 0

2023-11-11 12:08:16,983 INFO toNotifyTaskSize = 0

2023-11-11 12:08:16,983 INFO toClientNotifyTaskSize = 0

2023-11-11 12:08:26,254 INFO [long-pulling] client count 0

2023-11-11 12:08:26,844 INFO groupCount = 0, subscriberClientCount = 0, subscriberCount = 0

2023-11-11 12:08:26,986 INFO toNotifyTaskSize = 0

2023-11-11 12:08:26,986 INFO toClientNotifyTaskSize = 0

2023-11-11 12:08:36,255 INFO [long-pulling] client count 0

2023-11-11 12:08:36,849 INFO groupCount = 0, subscriberClientCount = 0, subscriberCount = 0

2023-11-11 12:08:36,987 INFO toNotifyTaskSize = 0

2023-11-11 12:08:36,988 INFO toClientNotifyTaskSize = 0

2023-11-11 12:08:46,262 INFO [long-pulling] client count 0

2023-11-11 12:08:46,854 INFO groupCount = 0, subscriberClientCount = 0, subscriberCount = 0

2023-11-11 12:08:46,992 INFO toNotifyTaskSize = 0

2023-11-11 12:08:46,999 INFO toClientNotifyTaskSize = 0

2023-11-11 12:08:56,267 INFO [long-pulling] client count 0

2023-11-11 12:08:56,859 INFO groupCount = 0, subscriberClientCount = 0, subscriberCount = 0

2023-11-11 12:08:57,003 INFO toNotifyTaskSize = 0

2023-11-11 12:08:57,008 INFO toClientNotifyTaskSize = 0

2023-11-11 12:09:06,272 INFO [long-pulling] client count 0

2023-11-11 12:09:06,866 INFO groupCount = 0, subscriberClientCount = 0, subscriberCount = 0

2023-11-11 12:09:07,019 INFO toNotifyTaskSize = 0

2023-11-11 12:09:07,022 INFO toClientNotifyTaskSize = 0

2023-11-11 12:09:16,273 INFO [long-pulling] client count 0

2023-11-11 12:09:16,870 INFO groupCount = 0, subscriberClientCount = 0, subscriberCount = 0

2023-11-11 12:09:17,026 INFO toNotifyTaskSize = 0

2023-11-11 12:09:17,027 INFO toClientNotifyTaskSize = 0

2023-11-11 12:09:26,274 INFO [long-pulling] client count 0

2023-11-11 12:09:26,874 INFO groupCount = 0, subscriberClientCount = 0, subscriberCount = 0

2023-11-11 12:09:27,033 INFO toNotifyTaskSize = 0

2023-11-11 12:09:27,034 INFO toClientNotifyTaskSize = 0

2023-11-11 12:09:36,278 INFO [long-pulling] client count 0

2023-11-11 12:09:36,880 INFO groupCount = 0, subscriberClientCount = 0, subscriberCount = 0

2023-11-11 12:09:37,035 INFO toNotifyTaskSize = 0

2023-11-11 12:09:37,035 INFO toClientNotifyTaskSize = 0

2023-11-11 12:09:46,284 INFO [long-pulling] client count 0

2023-11-11 12:09:46,888 INFO groupCount = 0, subscriberClientCount = 0, subscriberCount = 0

2023-11-11 12:09:47,041 INFO toNotifyTaskSize = 0

2023-11-11 12:09:47,042 INFO toClientNotifyTaskSize = 0

2023-11-11 12:09:56,291 INFO [long-pulling] client count 0

2023-11-11 12:09:56,893 INFO groupCount = 0, subscriberClientCount = 0, subscriberCount = 0

2023-11-11 12:09:57,046 INFO toNotifyTaskSize = 0

2023-11-11 12:09:57,048 INFO toClientNotifyTaskSize = 0

2023-11-11 12:10:06,292 INFO [long-pulling] client count 0

2023-11-11 12:10:06,897 INFO groupCount = 0, subscriberClientCount = 0, subscriberCount = 0

2023-11-11 12:10:07,052 INFO toNotifyTaskSize = 0

2023-11-11 12:10:07,054 INFO toClientNotifyTaskSize = 0

2023-11-11 12:10:16,297 INFO [long-pulling] client count 0

2023-11-11 12:10:16,900 INFO groupCount = 0, subscriberClientCount = 0, subscriberCount = 0

2023-11-11 12:10:17,056 INFO toNotifyTaskSize = 0

2023-11-11 12:10:17,056 INFO toClientNotifyTaskSize = 0

2023-11-11 12:10:26,312 INFO [long-pulling] client count 0

2023-11-11 12:10:26,904 INFO groupCount = 0, subscriberClientCount = 0, subscriberCount = 0

2023-11-11 12:10:27,058 INFO toNotifyTaskSize = 0

2023-11-11 12:10:27,058 INFO toClientNotifyTaskSize = 0

2023-11-11 12:10:36,326 INFO [long-pulling] client count 0

2023-11-11 12:10:36,907 INFO groupCount = 0, subscriberClientCount = 0, subscriberCount = 0

2023-11-11 12:10:37,064 INFO toNotifyTaskSize = 0

2023-11-11 12:10:37,065 INFO toClientNotifyTaskSize = 0

2023-11-11 12:10:46,331 INFO [long-pulling] client count 0

2023-11-11 12:10:46,911 INFO groupCount = 0, subscriberClientCount = 0, subscriberCount = 0

2023-11-11 12:10:47,069 INFO toNotifyTaskSize = 0

2023-11-11 12:10:47,069 INFO toClientNotifyTaskSize = 0

2023-11-11 12:10:56,337 INFO [long-pulling] client count 0

2023-11-11 12:10:56,915 INFO groupCount = 0, subscriberClientCount = 0, subscriberCount = 0

2023-11-11 12:10:57,072 INFO toNotifyTaskSize = 0

2023-11-11 12:10:57,073 INFO toClientNotifyTaskSize = 0

2023-11-11 12:11:06,343 INFO [long-pulling] client count 0

2023-11-11 12:11:06,922 INFO groupCount = 0, subscriberClientCount = 0, subscriberCount = 0

2023-11-11 12:11:07,074 INFO toNotifyTaskSize = 0

2023-11-11 12:11:07,075 INFO toClientNotifyTaskSize = 0

2023-11-11 12:11:16,349 INFO [long-pulling] client count 0

2023-11-11 12:11:16,923 INFO groupCount = 0, subscriberClientCount = 0, subscriberCount = 0

2023-11-11 12:11:17,077 INFO toNotifyTaskSize = 0

2023-11-11 12:11:17,077 INFO toClientNotifyTaskSize = 0

2023-11-11 12:11:26,354 INFO [long-pulling] client count 0

2023-11-11 12:11:26,928 INFO groupCount = 0, subscriberClientCount = 0, subscriberCount = 0

2023-11-11 12:11:27,080 INFO toNotifyTaskSize = 0

2023-11-11 12:11:27,080 INFO toClientNotifyTaskSize = 0

2023-11-11 12:11:36,359 INFO [long-pulling] client count 0

2023-11-11 12:11:36,933 INFO groupCount = 0, subscriberClientCount = 0, subscriberCount = 0

2023-11-11 12:11:37,083 INFO toNotifyTaskSize = 0

2023-11-11 12:11:37,083 INFO toClientNotifyTaskSize = 0

2023-11-11 12:11:46,365 INFO [long-pulling] client count 0

2023-11-11 12:11:46,937 INFO groupCount = 0, subscriberClientCount = 0, subscriberCount = 0

2023-11-11 12:11:47,087 INFO toNotifyTaskSize = 0

2023-11-11 12:11:47,087 INFO toClientNotifyTaskSize = 0

2023-11-11 12:11:56,370 INFO [long-pulling] client count 0

2023-11-11 12:11:56,940 INFO groupCount = 0, subscriberClientCount = 0, subscriberCount = 0

2023-11-11 12:11:57,088 INFO toNotifyTaskSize = 0

2023-11-11 12:11:57,089 INFO toClientNotifyTaskSize = 0

2023-11-11 12:12:06,372 INFO [long-pulling] client count 0

2023-11-11 12:12:06,946 INFO groupCount = 0, subscriberClientCount = 0, subscriberCount = 0

2023-11-11 12:12:07,091 INFO toNotifyTaskSize = 0

2023-11-11 12:12:07,093 INFO toClientNotifyTaskSize = 0

2023-11-11 12:12:16,375 INFO [long-pulling] client count 0

2023-11-11 12:12:16,951 INFO groupCount = 0, subscriberClientCount = 0, subscriberCount = 0

2023-11-11 12:12:17,094 INFO toNotifyTaskSize = 0

2023-11-11 12:12:17,095 INFO toClientNotifyTaskSize = 0

2023-11-11 12:12:26,377 INFO [long-pulling] client count 0

2023-11-11 12:12:26,954 INFO groupCount = 0, subscriberClientCount = 0, subscriberCount = 0

2023-11-11 12:12:27,096 INFO toNotifyTaskSize = 0

2023-11-11 12:12:27,097 INFO toClientNotifyTaskSize = 0

2023-11-11 12:12:36,380 INFO [long-pulling] client count 0

2023-11-11 12:12:36,957 INFO groupCount = 0, subscriberClientCount = 0, subscriberCount = 0

2023-11-11 12:12:37,100 INFO toNotifyTaskSize = 0

2023-11-11 12:12:37,101 INFO toClientNotifyTaskSize = 0

2023-11-11 12:12:46,386 INFO [long-pulling] client count 0

2023-11-11 12:12:46,964 INFO groupCount = 0, subscriberClientCount = 0, subscriberCount = 0

2023-11-11 12:12:47,106 INFO toNotifyTaskSize = 0

2023-11-11 12:12:47,107 INFO toClientNotifyTaskSize = 0

2023-11-11 12:12:56,388 INFO [long-pulling] client count 0

2023-11-11 12:12:56,967 INFO groupCount = 0, subscriberClientCount = 0, subscriberCount = 0

2023-11-11 12:12:57,111 INFO toNotifyTaskSize = 0

2023-11-11 12:12:57,112 INFO toClientNotifyTaskSize = 0

2023-11-11 12:13:06,391 INFO [long-pulling] client count 0

2023-11-11 12:13:06,971 INFO groupCount = 0, subscriberClientCount = 0, subscriberCount = 0

2023-11-11 12:13:07,117 INFO toNotifyTaskSize = 0

2023-11-11 12:13:07,119 INFO toClientNotifyTaskSize = 0

2023-11-11 12:13:16,398 INFO [long-pulling] client count 0

2023-11-11 12:13:16,977 INFO groupCount = 0, subscriberClientCount = 0, subscriberCount = 0

2023-11-11 12:13:17,121 INFO toNotifyTaskSize = 0

2023-11-11 12:13:17,122 INFO toClientNotifyTaskSize = 0

2023-11-11 12:13:26,400 INFO [long-pulling] client count 0

2023-11-11 12:13:26,982 INFO groupCount = 0, subscriberClientCount = 0, subscriberCount = 0

2023-11-11 12:13:27,126 INFO toNotifyTaskSize = 0

2023-11-11 12:13:27,127 INFO toClientNotifyTaskSize = 0

2023-11-11 12:13:36,402 INFO [long-pulling] client count 0

2023-11-11 12:13:36,991 INFO groupCount = 0, subscriberClientCount = 0, subscriberCount = 0

2023-11-11 12:13:37,131 INFO toNotifyTaskSize = 0

2023-11-11 12:13:37,135 INFO toClientNotifyTaskSize = 0

2023-11-11 12:13:46,409 INFO [long-pulling] client count 0

2023-11-11 12:13:46,996 INFO groupCount = 0, subscriberClientCount = 0, subscriberCount = 0

2023-11-11 12:13:47,136 INFO toNotifyTaskSize = 0

2023-11-11 12:13:47,137 INFO toClientNotifyTaskSize = 0

2023-11-11 12:13:56,413 INFO [long-pulling] client count 0

2023-11-11 12:13:57,002 INFO groupCount = 0, subscriberClientCount = 0, subscriberCount = 0

2023-11-11 12:13:57,138 INFO toNotifyTaskSize = 0

2023-11-11 12:13:57,139 INFO toClientNotifyTaskSize = 0

2023-11-11 12:14:06,416 INFO [long-pulling] client count 0

2023-11-11 12:14:07,005 INFO groupCount = 0, subscriberClientCount = 0, subscriberCount = 0

2023-11-11 12:14:07,141 INFO toNotifyTaskSize = 0

2023-11-11 12:14:07,142 INFO toClientNotifyTaskSize = 0

2023-11-11 12:14:16,421 INFO [long-pulling] client count 0

2023-11-11 12:14:17,013 INFO groupCount = 0, subscriberClientCount = 0, subscriberCount = 0

2023-11-11 12:14:17,147 INFO toNotifyTaskSize = 0

2023-11-11 12:14:17,148 INFO toClientNotifyTaskSize = 0

2023-11-11 12:14:26,424 INFO [long-pulling] client count 0

2023-11-11 12:14:27,020 INFO groupCount = 0, subscriberClientCount = 0, subscriberCount = 0

2023-11-11 12:14:27,151 INFO toNotifyTaskSize = 0

2023-11-11 12:14:27,152 INFO toClientNotifyTaskSize = 0

2023-11-11 12:14:36,435 INFO [long-pulling] client count 0

2023-11-11 12:14:37,027 INFO groupCount = 0, subscriberClientCount = 0, subscriberCount = 0

2023-11-11 12:14:37,154 INFO toNotifyTaskSize = 0

2023-11-11 12:14:37,154 INFO toClientNotifyTaskSize = 0

2023-11-11 12:14:46,441 INFO [long-pulling] client count 0

2023-11-11 12:14:47,032 INFO groupCount = 0, subscriberClientCount = 0, subscriberCount = 0

2023-11-11 12:14:47,160 INFO toNotifyTaskSize = 0

2023-11-11 12:14:47,161 INFO toClientNotifyTaskSize = 0

2023-11-11 12:14:56,448 INFO [long-pulling] client count 0

2023-11-11 12:14:57,035 INFO groupCount = 0, subscriberClientCount = 0, subscriberCount = 0

2023-11-11 12:14:57,167 INFO toNotifyTaskSize = 0

2023-11-11 12:14:57,168 INFO toClientNotifyTaskSize = 0

2023-11-11 12:15:06,452 INFO [long-pulling] client count 0

2023-11-11 12:15:07,039 INFO groupCount = 0, subscriberClientCount = 0, subscriberCount = 0

2023-11-11 12:15:07,169 INFO toNotifyTaskSize = 0

2023-11-11 12:15:07,171 INFO toClientNotifyTaskSize = 0

2023-11-11 12:15:16,459 INFO [long-pulling] client count 0

2023-11-11 12:15:17,044 INFO groupCount = 0, subscriberClientCount = 0, subscriberCount = 0

2023-11-11 12:15:17,175 INFO toNotifyTaskSize = 0

2023-11-11 12:15:17,175 INFO toClientNotifyTaskSize = 0

2023-11-11 12:15:26,461 INFO [long-pulling] client count 0

2023-11-11 12:15:27,047 INFO groupCount = 0, subscriberClientCount = 0, subscriberCount = 0

2023-11-11 12:15:27,180 INFO toNotifyTaskSize = 0

2023-11-11 12:15:27,182 INFO toClientNotifyTaskSize = 0

2023-11-11 12:15:36,472 INFO [long-pulling] client count 0

2023-11-11 12:15:37,048 INFO groupCount = 0, subscriberClientCount = 0, subscriberCount = 0

2023-11-11 12:15:37,192 INFO toNotifyTaskSize = 0

2023-11-11 12:15:37,193 INFO toClientNotifyTaskSize = 0

2023-11-11 12:15:46,475 INFO [long-pulling] client count 0

2023-11-11 12:15:47,054 INFO groupCount = 0, subscriberClientCount = 0, subscriberCount = 0

2023-11-11 12:15:47,196 INFO toNotifyTaskSize = 0

2023-11-11 12:15:47,197 INFO toClientNotifyTaskSize = 0

2023-11-11 12:15:56,481 INFO [long-pulling] client count 0

2023-11-11 12:15:57,059 INFO groupCount = 0, subscriberClientCount = 0, subscriberCount = 0

2023-11-11 12:15:57,203 INFO toNotifyTaskSize = 0

2023-11-11 12:15:57,205 INFO toClientNotifyTaskSize = 0

2023-11-11 12:16:06,484 INFO [long-pulling] client count 0

2023-11-11 12:16:07,071 INFO groupCount = 0, subscriberClientCount = 0, subscriberCount = 0

2023-11-11 12:16:07,210 INFO toNotifyTaskSize = 0

2023-11-11 12:16:07,210 INFO toClientNotifyTaskSize = 0

2023-11-11 12:16:16,487 INFO [long-pulling] client count 0

2023-11-11 12:16:17,074 INFO groupCount = 0, subscriberClientCount = 0, subscriberCount = 0

2023-11-11 12:16:17,212 INFO toNotifyTaskSize = 0

2023-11-11 12:16:17,213 INFO toClientNotifyTaskSize = 0

2023-11-11 12:16:26,495 INFO [long-pulling] client count 0

2023-11-11 12:16:27,078 INFO groupCount = 0, subscriberClientCount = 0, subscriberCount = 0

2023-11-11 12:16:27,214 INFO toNotifyTaskSize = 0

2023-11-11 12:16:27,215 INFO toClientNotifyTaskSize = 0

2023-11-11 12:16:36,498 INFO [long-pulling] client count 0

2023-11-11 12:16:37,083 INFO groupCount = 0, subscriberClientCount = 0, subscriberCount = 0

2023-11-11 12:16:37,216 INFO toNotifyTaskSize = 0

2023-11-11 12:16:37,217 INFO toClientNotifyTaskSize = 0

2023-11-11 12:16:46,505 INFO [long-pulling] client count 0

2023-11-11 12:16:47,085 INFO groupCount = 0, subscriberClientCount = 0, subscriberCount = 0

2023-11-11 12:16:47,224 INFO toNotifyTaskSize = 0

2023-11-11 12:16:47,249 INFO toClientNotifyTaskSize = 0

2023-11-11 12:16:56,512 INFO [long-pulling] client count 0

2023-11-11 12:16:57,094 INFO groupCount = 0, subscriberClientCount = 0, subscriberCount = 0

2023-11-11 12:16:57,261 INFO toNotifyTaskSize = 0

2023-11-11 12:16:57,262 INFO toClientNotifyTaskSize = 0

2023-11-11 12:17:06,519 INFO [long-pulling] client count 0

2023-11-11 12:17:07,109 INFO groupCount = 0, subscriberClientCount = 0, subscriberCount = 0

2023-11-11 12:17:07,266 INFO toNotifyTaskSize = 0

2023-11-11 12:17:07,267 INFO toClientNotifyTaskSize = 0

2023-11-11 12:17:16,524 INFO [long-pulling] client count 0

2023-11-11 12:17:17,115 INFO groupCount = 0, subscriberClientCount = 0, subscriberCount = 0

2023-11-11 12:17:17,268 INFO toNotifyTaskSize = 0

2023-11-11 12:17:17,269 INFO toClientNotifyTaskSize = 0

2023-11-11 12:17:26,531 INFO [long-pulling] client count 0

2023-11-11 12:17:27,121 INFO groupCount = 0, subscriberClientCount = 0, subscriberCount = 0

2023-11-11 12:17:27,275 INFO toNotifyTaskSize = 0

2023-11-11 12:17:27,276 INFO toClientNotifyTaskSize = 0

2023-11-11 12:17:36,536 INFO [long-pulling] client count 0

2023-11-11 12:17:37,124 INFO groupCount = 0, subscriberClientCount = 0, subscriberCount = 0

2023-11-11 12:17:37,281 INFO toNotifyTaskSize = 0

2023-11-11 12:17:37,282 INFO toClientNotifyTaskSize = 0

2023-11-11 12:17:46,537 INFO [long-pulling] client count 0

2023-11-11 12:17:47,130 INFO groupCount = 0, subscriberClientCount = 0, subscriberCount = 0

2023-11-11 12:17:47,284 INFO toNotifyTaskSize = 0

2023-11-11 12:17:47,285 INFO toClientNotifyTaskSize = 0

2023-11-11 12:17:56,539 INFO [long-pulling] client count 0

2023-11-11 12:17:57,132 INFO groupCount = 0, subscriberClientCount = 0, subscriberCount = 0

2023-11-11 12:17:57,288 INFO toNotifyTaskSize = 0

2023-11-11 12:17:57,290 INFO toClientNotifyTaskSize = 0

2023-11-11 12:18:06,541 INFO [long-pulling] client count 0

2023-11-11 12:18:07,134 INFO groupCount = 0, subscriberClientCount = 0, subscriberCount = 0

2023-11-11 12:18:07,290 INFO toNotifyTaskSize = 0

2023-11-11 12:18:07,291 INFO toClientNotifyTaskSize = 0

2023-11-11 12:18:16,533 INFO [long-pulling] client count 0

2023-11-11 12:18:17,126 INFO groupCount = 0, subscriberClientCount = 0, subscriberCount = 0

2023-11-11 12:18:17,284 INFO toNotifyTaskSize = 0

2023-11-11 12:18:17,284 INFO toClientNotifyTaskSize = 0

2023-11-11 12:18:26,537 INFO [long-pulling] client count 0

2023-11-11 12:18:27,130 INFO groupCount = 0, subscriberClientCount = 0, subscriberCount = 0

2023-11-11 12:18:27,288 INFO toNotifyTaskSize = 0

2023-11-11 12:18:27,289 INFO toClientNotifyTaskSize = 0

2023-11-11 12:18:36,539 INFO [long-pulling] client count 0

2023-11-11 12:18:37,132 INFO groupCount = 0, subscriberClientCount = 0, subscriberCount = 0

2023-11-11 12:18:37,290 INFO toNotifyTaskSize = 0

2023-11-11 12:18:37,291 INFO toClientNotifyTaskSize = 0

2023-11-11 12:18:46,527 INFO [long-pulling] client count 0

2023-11-11 12:18:47,122 INFO groupCount = 0, subscriberClientCount = 0, subscriberCount = 0

2023-11-11 12:18:47,279 INFO toNotifyTaskSize = 0

2023-11-11 12:18:47,280 INFO toClientNotifyTaskSize = 0

2023-11-11 12:18:56,532 INFO [long-pulling] client count 0

2023-11-11 12:18:57,127 INFO groupCount = 0, subscriberClientCount = 0, subscriberCount = 0

2023-11-11 12:18:57,283 INFO toNotifyTaskSize = 0

2023-11-11 12:18:57,284 INFO toClientNotifyTaskSize = 0

2023-11-11 12:19:06,536 INFO [long-pulling] client count 0

2023-11-11 12:19:07,130 INFO groupCount = 0, subscriberClientCount = 0, subscriberCount = 0

2023-11-11 12:19:07,286 INFO toNotifyTaskSize = 0

2023-11-11 12:19:07,287 INFO toClientNotifyTaskSize = 0

2023-11-11 12:19:16,540 INFO [long-pulling] client count 0

2023-11-11 12:19:17,132 INFO groupCount = 0, subscriberClientCount = 0, subscriberCount = 0

2023-11-11 12:19:17,286 INFO toNotifyTaskSize = 0

2023-11-11 12:19:17,286 INFO toClientNotifyTaskSize = 0

2023-11-11 12:19:26,544 INFO [long-pulling] client count 0

2023-11-11 12:19:27,137 INFO groupCount = 0, subscriberClientCount = 0, subscriberCount = 0

2023-11-11 12:19:27,291 INFO toNotifyTaskSize = 0

2023-11-11 12:19:27,292 INFO toClientNotifyTaskSize = 0

2023-11-11 12:19:36,548 INFO [long-pulling] client count 0

2023-11-11 12:19:37,140 INFO groupCount = 0, subscriberClientCount = 0, subscriberCount = 0

2023-11-11 12:19:37,295 INFO toNotifyTaskSize = 0

2023-11-11 12:19:37,297 INFO toClientNotifyTaskSize = 0

2023-11-11 12:19:46,552 INFO [long-pulling] client count 0

2023-11-11 12:19:47,145 INFO groupCount = 0, subscriberClientCount = 0, subscriberCount = 0

2023-11-11 12:19:47,301 INFO toNotifyTaskSize = 0

2023-11-11 12:19:47,302 INFO toClientNotifyTaskSize = 0

2023-11-11 12:19:56,553 INFO [long-pulling] client count 0

2023-11-11 12:19:57,150 INFO groupCount = 0, subscriberClientCount = 0, subscriberCount = 0

2023-11-11 12:19:57,304 INFO toNotifyTaskSize = 0

2023-11-11 12:19:57,309 INFO toClientNotifyTaskSize = 0

2023-11-11 12:20:06,557 INFO [long-pulling] client count 0

2023-11-11 12:20:07,152 INFO groupCount = 0, subscriberClientCount = 0, subscriberCount = 0

2023-11-11 12:20:07,316 INFO toNotifyTaskSize = 0

2023-11-11 12:20:07,318 INFO toClientNotifyTaskSize = 0

2023-11-11 12:20:16,559 INFO [long-pulling] client count 0

2023-11-11 12:20:17,157 INFO groupCount = 0, subscriberClientCount = 0, subscriberCount = 0

2023-11-11 12:20:17,325 INFO toNotifyTaskSize = 0

2023-11-11 12:20:17,326 INFO toClientNotifyTaskSize = 0

2023-11-11 12:20:26,565 INFO [long-pulling] client count 0

2023-11-11 12:20:27,160 INFO groupCount = 0, subscriberClientCount = 0, subscriberCount = 0

2023-11-11 12:20:27,330 INFO toNotifyTaskSize = 0

2023-11-11 12:20:27,331 INFO toClientNotifyTaskSize = 0

2023-11-11 12:20:36,568 INFO [long-pulling] client count 0

2023-11-11 12:20:37,161 INFO groupCount = 0, subscriberClientCount = 0, subscriberCount = 0

2023-11-11 12:20:37,334 INFO toNotifyTaskSize = 0

2023-11-11 12:20:37,335 INFO toClientNotifyTaskSize = 0

2023-11-11 12:20:46,569 INFO [long-pulling] client count 0

2023-11-11 12:20:47,163 INFO groupCount = 0, subscriberClientCount = 0, subscriberCount = 0

2023-11-11 12:20:47,340 INFO toNotifyTaskSize = 0

2023-11-11 12:20:47,341 INFO toClientNotifyTaskSize = 0

2023-11-11 12:20:56,572 INFO [long-pulling] client count 0

2023-11-11 12:20:57,164 INFO groupCount = 0, subscriberClientCount = 0, subscriberCount = 0

2023-11-11 12:20:57,346 INFO toNotifyTaskSize = 0

2023-11-11 12:20:57,347 INFO toClientNotifyTaskSize = 0

2023-11-11 12:21:06,575 INFO [long-pulling] client count 0

2023-11-11 12:21:07,166 INFO groupCount = 0, subscriberClientCount = 0, subscriberCount = 0

2023-11-11 12:21:07,348 INFO toNotifyTaskSize = 0

2023-11-11 12:21:07,349 INFO toClientNotifyTaskSize = 0

2023-11-11 12:21:16,578 INFO [long-pulling] client count 0

2023-11-11 12:21:17,168 INFO groupCount = 0, subscriberClientCount = 0, subscriberCount = 0

2023-11-11 12:21:17,351 INFO toNotifyTaskSize = 0

2023-11-11 12:21:17,353 INFO toClientNotifyTaskSize = 0

2023-11-11 12:21:26,580 INFO [long-pulling] client count 0

2023-11-11 12:21:27,169 INFO groupCount = 0, subscriberClientCount = 0, subscriberCount = 0

2023-11-11 12:21:27,360 INFO toNotifyTaskSize = 0

2023-11-11 12:21:27,361 INFO toClientNotifyTaskSize = 0

2023-11-11 12:21:36,581 INFO [long-pulling] client count 0

2023-11-11 12:21:37,173 INFO groupCount = 0, subscriberClientCount = 0, subscriberCount = 0

2023-11-11 12:21:37,364 INFO toNotifyTaskSize = 0

2023-11-11 12:21:37,364 INFO toClientNotifyTaskSize = 0

2023-11-11 12:21:46,583 INFO [long-pulling] client count 0

2023-11-11 12:21:47,176 INFO groupCount = 0, subscriberClientCount = 0, subscriberCount = 0

2023-11-11 12:21:47,368 INFO toNotifyTaskSize = 0

2023-11-11 12:21:47,370 INFO toClientNotifyTaskSize = 0

2023-11-11 12:21:56,584 INFO [long-pulling] client count 0

2023-11-11 12:21:57,180 INFO groupCount = 0, subscriberClientCount = 0, subscriberCount = 0

2023-11-11 12:21:57,375 INFO toNotifyTaskSize = 0

2023-11-11 12:21:57,376 INFO toClientNotifyTaskSize = 0

