2023-11-11 11:34:08,102 INFO SPI service [com.alipay.sofa.jraft.JRaftServiceFactory - com.alipay.sofa.jraft.core.DefaultJRaftServiceFactory] loading.

2023-11-11 11:34:08,242 INFO SPI service [com.alipay.sofa.jraft.rpc.RaftRpcFactory - com.alipay.sofa.jraft.rpc.impl.GrpcRaftRpcFactory] loading.

2023-11-11 11:34:08,435 INFO SPI service [com.alipay.sofa.jraft.util.JRaftSignalHandler - com.alipay.sofa.jraft.NodeDescribeSignalHandler] loading.

2023-11-11 11:34:08,437 INFO SPI service [com.alipay.sofa.jraft.util.JRaftSignalHandler - com.alipay.sofa.jraft.NodeMetricsSignalHandler] loading.

2023-11-11 11:34:08,438 INFO SPI service [com.alipay.sofa.jraft.util.JRaftSignalHandler - com.alipay.sofa.jraft.ThreadPoolMetricsSignalHandler] loading.

2023-11-11 11:34:08,442 INFO SPI service [com.alipay.sofa.jraft.util.timer.RaftTimerFactory - com.alipay.sofa.jraft.util.timer.DefaultRaftTimerFactory] loading.

2023-11-11 11:34:08,448 INFO The number of active nodes increment to 1.

2023-11-11 11:34:08,978 INFO Starts FSMCaller successfully.

2023-11-11 11:34:08,994 WARN No data for snapshot reader /home/nacos/data/protocol/raft/naming_persistent_service_v2/snapshot.

2023-11-11 11:34:09,011 INFO Node <naming_persistent_service_v2/5f66e4c26ce2:7848> init, term=0, lastLogId=LogId [index=0, term=0], conf=5f66e4c26ce2:7848, oldConf=.

2023-11-11 11:34:09,015 INFO Node <naming_persistent_service_v2/5f66e4c26ce2:7848> start vote and grant vote self, term=0.

2023-11-11 11:34:09,066 INFO Save raft meta, path=/home/nacos/data/protocol/raft/naming_persistent_service_v2/meta-data, term=1, votedFor=5f66e4c26ce2:7848, cost time=36 ms

2023-11-11 11:34:09,067 INFO Node <naming_persistent_service_v2/5f66e4c26ce2:7848> become leader of group, term=1, conf=5f66e4c26ce2:7848, oldConf=.

2023-11-11 11:34:09,072 INFO -Djraft.recyclers.maxCapacityPerThread: 4096.

2023-11-11 11:34:09,080 WARN RPC server is not started in RaftGroupService.

2023-11-11 11:34:09,080 INFO Start the RaftGroupService successfully.

2023-11-11 11:34:09,126 INFO onLeaderStart: term=1.

2023-11-11 11:34:09,168 INFO The number of active nodes increment to 2.

2023-11-11 11:34:09,217 INFO Starts FSMCaller successfully.

2023-11-11 11:34:09,219 WARN No data for snapshot reader /home/nacos/data/protocol/raft/naming_instance_metadata/snapshot.

2023-11-11 11:34:09,225 INFO Node <naming_instance_metadata/5f66e4c26ce2:7848> init, term=0, lastLogId=LogId [index=0, term=0], conf=5f66e4c26ce2:7848, oldConf=.

2023-11-11 11:34:09,226 INFO Node <naming_instance_metadata/5f66e4c26ce2:7848> start vote and grant vote self, term=0.

2023-11-11 11:34:09,231 INFO Save raft meta, path=/home/nacos/data/protocol/raft/naming_instance_metadata/meta-data, term=1, votedFor=5f66e4c26ce2:7848, cost time=3 ms

2023-11-11 11:34:09,232 INFO Node <naming_instance_metadata/5f66e4c26ce2:7848> become leader of group, term=1, conf=5f66e4c26ce2:7848, oldConf=.

2023-11-11 11:34:09,233 WARN RPC server is not started in RaftGroupService.

2023-11-11 11:34:09,234 INFO Start the RaftGroupService successfully.

2023-11-11 11:34:09,243 INFO onLeaderStart: term=1.

2023-11-11 11:34:09,293 INFO The number of active nodes increment to 3.

2023-11-11 11:34:09,338 INFO Starts FSMCaller successfully.

2023-11-11 11:34:09,339 WARN No data for snapshot reader /home/nacos/data/protocol/raft/naming_service_metadata/snapshot.

2023-11-11 11:34:09,342 INFO Node <naming_service_metadata/5f66e4c26ce2:7848> init, term=0, lastLogId=LogId [index=0, term=0], conf=5f66e4c26ce2:7848, oldConf=.

2023-11-11 11:34:09,343 INFO Node <naming_service_metadata/5f66e4c26ce2:7848> start vote and grant vote self, term=0.

2023-11-11 11:34:09,348 INFO Save raft meta, path=/home/nacos/data/protocol/raft/naming_service_metadata/meta-data, term=1, votedFor=5f66e4c26ce2:7848, cost time=4 ms

2023-11-11 11:34:09,349 INFO Node <naming_service_metadata/5f66e4c26ce2:7848> become leader of group, term=1, conf=5f66e4c26ce2:7848, oldConf=.

2023-11-11 11:34:09,350 WARN RPC server is not started in RaftGroupService.

2023-11-11 11:34:09,350 INFO Start the RaftGroupService successfully.

2023-11-11 11:34:09,352 INFO onLeaderStart: term=1.

2023-11-11 11:34:09,383 INFO Creating new channel to: 5f66e4c26ce2:7848.

2023-11-11 11:34:09,939 INFO The channel 5f66e4c26ce2:7848 is in state: CONNECTING.

2023-11-11 11:34:10,390 INFO The channel 5f66e4c26ce2:7848 is in state: READY.

2023-11-11 11:34:10,391 INFO The channel 5f66e4c26ce2:7848 has successfully established.

2023-11-11 11:34:10,425 ERROR Fail to connect 5f66e4c26ce2:7848, remoting exception: java.util.concurrent.ExecutionException: io.grpc.StatusRuntimeException: DEADLINE_EXCEEDED: deadline exceeded after 0.497710541s. [closed=[], open=[[buffered_nanos=476128250, remote_addr=5f66e4c26ce2/172.18.0.3:7848]]].

2023-11-11 11:34:10,425 ERROR Fail to connect 5f66e4c26ce2:7848, remoting exception: java.util.concurrent.ExecutionException: io.grpc.StatusRuntimeException: DEADLINE_EXCEEDED: deadline exceeded after 0.498427416s. [closed=[], open=[[buffered_nanos=476218626, remote_addr=5f66e4c26ce2/172.18.0.3:7848]]].

2023-11-11 11:34:10,427 ERROR Fail to connect peer 5f66e4c26ce2:7848 to get leader for group naming_instance_metadata.

2023-11-11 11:34:10,427 ERROR Fail to connect peer 5f66e4c26ce2:7848 to get leader for group naming_persistent_service_v2.

2023-11-11 11:34:10,433 ERROR Fail to connect 5f66e4c26ce2:7848, remoting exception: java.util.concurrent.ExecutionException: io.grpc.StatusRuntimeException: DEADLINE_EXCEEDED: deadline exceeded after 0.536603708s. [closed=[], open=[[buffered_nanos=504034458, remote_addr=5f66e4c26ce2/172.18.0.3:7848]]].

2023-11-11 11:34:10,438 ERROR Fail to connect peer 5f66e4c26ce2:7848 to get leader for group naming_service_metadata.

2023-11-11 11:56:45,917 INFO Deleting snapshot /home/nacos/data/protocol/raft/naming_persistent_service_v2/snapshot/snapshot_1.

2023-11-11 11:56:45,919 INFO Renaming /home/nacos/data/protocol/raft/naming_persistent_service_v2/snapshot/temp to /home/nacos/data/protocol/raft/naming_persistent_service_v2/snapshot/snapshot_1.

2023-11-11 12:02:03,839 INFO Deleting snapshot /home/nacos/data/protocol/raft/naming_instance_metadata/snapshot/snapshot_1.

2023-11-11 12:02:03,842 INFO Renaming /home/nacos/data/protocol/raft/naming_instance_metadata/snapshot/temp to /home/nacos/data/protocol/raft/naming_instance_metadata/snapshot/snapshot_1.

2023-11-11 12:02:41,565 INFO Deleting snapshot /home/nacos/data/protocol/raft/naming_service_metadata/snapshot/snapshot_1.

2023-11-11 12:02:41,566 INFO Renaming /home/nacos/data/protocol/raft/naming_service_metadata/snapshot/temp to /home/nacos/data/protocol/raft/naming_service_metadata/snapshot/snapshot_1.

