2023-11-11 11:33:44,872 INFO notifyConnectTimeout:100

2023-11-11 11:33:44,917 INFO notifySocketTimeout:200

2023-11-11 11:33:44,918 INFO isHealthCheck:true

2023-11-11 11:33:44,920 INFO maxHealthCheckFailCount:12

2023-11-11 11:33:44,921 INFO maxContent:10485760

2023-11-11 11:33:59,165 INFO use local db service for init

2023-11-11 11:34:01,698 WARN Lexical error at line 4, column 66.  Encountered: <EOF> after : "".

2023-11-11 11:34:01,712 WARN Syntax error: Encountered "*" at line 1, column 1.

2023-11-11 11:34:02,960 WARN Lexical error at line 4, column 13.  Encountered: "`" (96), after : "".

2023-11-11 11:34:02,965 WARN Lexical error at line 1, column 13.  Encountered: "`" (96), after : "".

2023-11-11 11:34:02,966 WARN Lexical error at line 1, column 13.  Encountered: "`" (96), after : "".

2023-11-11 11:34:02,967 WARN Lexical error at line 1, column 13.  Encountered: "`" (96), after : "".

2023-11-11 11:34:02,967 INFO use StandaloneDatabaseOperateImpl

2023-11-11 11:34:05,251 WARN DumpService start

2023-11-11 11:34:05,254 INFO start clear all config-info.

2023-11-11 11:34:05,255 WARN clear all config-info failed.

2023-11-11 11:34:05,256 WARN clear all config-info-tenant failed.

2023-11-11 11:34:05,531 INFO start clear all config-info-beta.

2023-11-11 11:34:05,545 WARN clear all config-info-beta failed.

2023-11-11 11:34:05,546 WARN clear all config-info-beta-tenant failed.

2023-11-11 11:34:05,672 INFO start clear all config-info-tag.

2023-11-11 11:34:05,673 WARN clear all config-info-tag failed.

2023-11-11 11:34:05,674 WARN clear all config-info-tag-tenant failed.

